Wednesday 3rd of October 2018 12:00:00 PM - 0 added successfully. 10 duplicates.

Wednesday 3rd of October 2018 01:15:01 PM - 0 added successfully. 10 duplicates.

Wednesday 3rd of October 2018 01:20:01 PM - 0 added successfully. 10 duplicates.

Wednesday 3rd of October 2018 01:25:00 PM - 0 added successfully. 10 duplicates.

Wednesday 3rd of October 2018 01:30:01 PM - 0 added successfully. 10 duplicates.

Wednesday 3rd of October 2018 01:35:01 PM - 0 added successfully. 10 duplicates.

Wednesday 3rd of October 2018 01:40:00 PM - 0 added successfully. 10 duplicates.

Wednesday 3rd of October 2018 01:45:00 PM - 0 added successfully. 10 duplicates.

Wednesday 3rd of October 2018 01:50:02 PM - 1 added successfully. 9 duplicates.

Wednesday 3rd of October 2018 01:55:00 PM - 0 added successfully. 10 duplicates.

Wednesday 3rd of October 2018 02:00:01 PM - 0 added successfully. 10 duplicates.

Wednesday 3rd of October 2018 02:05:00 PM - 0 added successfully. 10 duplicates.

Wednesday 3rd of October 2018 02:10:00 PM - 0 added successfully. 10 duplicates.

Wednesday 3rd of October 2018 02:15:01 PM - 0 added successfully. 10 duplicates.

Wednesday 3rd of October 2018 02:20:00 PM - 0 added successfully. 10 duplicates.

Wednesday 3rd of October 2018 02:25:00 PM - 0 added successfully. 10 duplicates.

Wednesday 3rd of October 2018 02:30:00 PM - 0 added successfully. 10 duplicates.

Wednesday 3rd of October 2018 02:35:00 PM - 0 added successfully. 10 duplicates.

Wednesday 3rd of October 2018 02:40:02 PM - 0 added successfully. 10 duplicates.

Wednesday 3rd of October 2018 02:45:00 PM - 0 added successfully. 10 duplicates.

Wednesday 3rd of October 2018 02:50:00 PM - 0 added successfully. 10 duplicates.

Wednesday 3rd of October 2018 02:55:00 PM - 0 added successfully. 10 duplicates.

Wednesday 3rd of October 2018 03:00:00 PM - 0 added successfully. 10 duplicates.

Wednesday 3rd of October 2018 03:05:01 PM - 0 added successfully. 10 duplicates.

Wednesday 3rd of October 2018 03:10:01 PM - 0 added successfully. 10 duplicates.

Wednesday 3rd of October 2018 03:15:01 PM - 0 added successfully. 10 duplicates.

Wednesday 3rd of October 2018 03:20:01 PM - 0 added successfully. 10 duplicates.

Wednesday 3rd of October 2018 03:25:01 PM - 0 added successfully. 10 duplicates.

Wednesday 3rd of October 2018 03:30:01 PM - 0 added successfully. 10 duplicates.

Wednesday 3rd of October 2018 03:35:01 PM - 1 added successfully. 9 duplicates.

Wednesday 3rd of October 2018 03:40:00 PM - 0 added successfully. 10 duplicates.

Wednesday 3rd of October 2018 03:45:01 PM - 0 added successfully. 10 duplicates.

Wednesday 3rd of October 2018 03:50:01 PM - 0 added successfully. 10 duplicates.

Wednesday 3rd of October 2018 03:55:01 PM - 0 added successfully. 10 duplicates.

Wednesday 3rd of October 2018 04:00:01 PM - 0 added successfully. 10 duplicates.

Wednesday 3rd of October 2018 04:05:00 PM - 0 added successfully. 10 duplicates.

Wednesday 3rd of October 2018 04:10:00 PM - 0 added successfully. 10 duplicates.

Wednesday 3rd of October 2018 04:15:01 PM - 0 added successfully. 10 duplicates.

Wednesday 3rd of October 2018 04:20:01 PM - 1 added successfully. 9 duplicates.

Wednesday 3rd of October 2018 04:25:01 PM - 0 added successfully. 10 duplicates.

Wednesday 3rd of October 2018 04:30:01 PM - 0 added successfully. 10 duplicates.

Wednesday 3rd of October 2018 04:35:00 PM - 0 added successfully. 10 duplicates.

Wednesday 3rd of October 2018 04:40:01 PM - 0 added successfully. 10 duplicates.

Wednesday 3rd of October 2018 04:45:01 PM - 0 added successfully. 10 duplicates.

Wednesday 3rd of October 2018 04:50:00 PM - 0 added successfully. 10 duplicates.

Wednesday 3rd of October 2018 04:55:00 PM - 0 added successfully. 10 duplicates.

Wednesday 3rd of October 2018 05:00:01 PM - 0 added successfully. 10 duplicates.

Wednesday 3rd of October 2018 05:05:00 PM - 0 added successfully. 10 duplicates.

Wednesday 3rd of October 2018 05:10:01 PM - 0 added successfully. 10 duplicates.

Wednesday 3rd of October 2018 05:15:01 PM - 0 added successfully. 10 duplicates.

Wednesday 3rd of October 2018 05:20:00 PM - 0 added successfully. 10 duplicates.

Wednesday 3rd of October 2018 05:25:01 PM - 0 added successfully. 10 duplicates.

Warning: simplexml_load_file(): php_network_getaddresses: getaddrinfo failed: nodename nor servname provided, or not known in /Users/bwille/Sites/RSL/private/cron/feed.cron.php on line 3

Warning: simplexml_load_file(https://www.rsl.com/rss.xml): failed to open stream: php_network_getaddresses: getaddrinfo failed: nodename nor servname provided, or not known in /Users/bwille/Sites/RSL/private/cron/feed.cron.php on line 3

Warning: simplexml_load_file(): I/O warning : failed to load external entity "https://www.rsl.com/rss.xml" in /Users/bwille/Sites/RSL/private/cron/feed.cron.php on line 3

Wednesday 3rd of October 2018 05:30:10 PM - 0 added successfully. 10 duplicates.

Thursday 4th of October 2018 09:40:03 AM - 10 added successfully. 0 duplicates.

Thursday 4th of October 2018 09:45:00 AM - 0 added successfully. 10 duplicates.

Thursday 4th of October 2018 09:50:00 AM - 0 added successfully. 10 duplicates.

Thursday 4th of October 2018 09:55:01 AM - 0 added successfully. 10 duplicates.

Thursday 4th of October 2018 10:00:01 AM - 0 added successfully. 10 duplicates.

Thursday 4th of October 2018 10:05:00 AM - 0 added successfully. 10 duplicates.

Thursday 4th of October 2018 10:10:00 AM - 0 added successfully. 10 duplicates.

Thursday 4th of October 2018 10:15:01 AM - 0 added successfully. 10 duplicates.

Thursday 4th of October 2018 10:20:00 AM - 0 added successfully. 10 duplicates.

Thursday 4th of October 2018 10:25:00 AM - 0 added successfully. 10 duplicates.

Thursday 4th of October 2018 10:30:01 AM - 0 added successfully. 10 duplicates.

Thursday 4th of October 2018 10:35:01 AM - 0 added successfully. 10 duplicates.

Thursday 4th of October 2018 10:40:01 AM - 0 added successfully. 10 duplicates.

Thursday 4th of October 2018 10:45:01 AM - 0 added successfully. 10 duplicates.

Thursday 4th of October 2018 10:50:00 AM - 0 added successfully. 10 duplicates.

Thursday 4th of October 2018 10:55:00 AM - 0 added successfully. 10 duplicates.

Thursday 4th of October 2018 11:00:01 AM - 0 added successfully. 10 duplicates.

Thursday 4th of October 2018 11:05:01 AM - 0 added successfully. 10 duplicates.

Thursday 4th of October 2018 11:10:01 AM - 0 added successfully. 10 duplicates.

Thursday 4th of October 2018 11:15:01 AM - 0 added successfully. 10 duplicates.

Thursday 4th of October 2018 11:20:01 AM - 0 added successfully. 10 duplicates.

Thursday 4th of October 2018 11:25:00 AM - 0 added successfully. 10 duplicates.

Thursday 4th of October 2018 11:30:02 AM - 0 added successfully. 10 duplicates.

Thursday 4th of October 2018 11:35:00 AM - 0 added successfully. 10 duplicates.

Thursday 4th of October 2018 11:40:01 AM - 0 added successfully. 10 duplicates.

Thursday 4th of October 2018 11:45:01 AM - 0 added successfully. 10 duplicates.

Thursday 4th of October 2018 11:50:01 AM - 0 added successfully. 10 duplicates.

Thursday 4th of October 2018 11:55:01 AM - 0 added successfully. 10 duplicates.

Thursday 4th of October 2018 12:00:01 PM - 0 added successfully. 10 duplicates.

Thursday 4th of October 2018 12:05:01 PM - 0 added successfully. 10 duplicates.

Thursday 4th of October 2018 12:10:00 PM - 0 added successfully. 10 duplicates.

Thursday 4th of October 2018 12:15:01 PM - 0 added successfully. 10 duplicates.

Thursday 4th of October 2018 12:20:01 PM - 0 added successfully. 10 duplicates.

Thursday 4th of October 2018 12:25:01 PM - 0 added successfully. 10 duplicates.

Thursday 4th of October 2018 12:30:01 PM - 0 added successfully. 10 duplicates.

Thursday 4th of October 2018 12:35:01 PM - 0 added successfully. 10 duplicates.

Thursday 4th of October 2018 12:40:01 PM - 0 added successfully. 10 duplicates.

Thursday 4th of October 2018 12:45:01 PM - 0 added successfully. 10 duplicates.

Thursday 4th of October 2018 12:50:20 PM - 0 added successfully. 10 duplicates.

Thursday 4th of October 2018 01:01:32 PM - 0 added successfully. 10 duplicates.

Thursday 4th of October 2018 02:07:34 PM - 4 added successfully. 6 duplicates.

Thursday 4th of October 2018 02:10:01 PM - 0 added successfully. 10 duplicates.

Thursday 4th of October 2018 02:15:01 PM - 0 added successfully. 10 duplicates.

Thursday 4th of October 2018 02:20:02 PM - 2 added successfully. 8 duplicates.

Thursday 4th of October 2018 02:25:01 PM - 0 added successfully. 10 duplicates.

Thursday 4th of October 2018 02:30:01 PM - 0 added successfully. 10 duplicates.

Thursday 4th of October 2018 02:35:01 PM - 0 added successfully. 10 duplicates.

Thursday 4th of October 2018 02:40:00 PM - 0 added successfully. 10 duplicates.

Thursday 4th of October 2018 02:45:01 PM - 0 added successfully. 10 duplicates.

Thursday 4th of October 2018 02:50:00 PM - 0 added successfully. 10 duplicates.

Thursday 4th of October 2018 02:55:00 PM - 0 added successfully. 10 duplicates.

Thursday 4th of October 2018 03:00:01 PM - 0 added successfully. 10 duplicates.

Thursday 4th of October 2018 03:05:01 PM - 0 added successfully. 10 duplicates.

Thursday 4th of October 2018 03:14:02 PM - 0 added successfully. 10 duplicates.

Thursday 4th of October 2018 03:16:17 PM - 0 added successfully. 10 duplicates.

Thursday 4th of October 2018 03:20:12 PM - 0 added successfully. 10 duplicates.

Thursday 4th of October 2018 03:27:12 PM - 0 added successfully. 10 duplicates.

Thursday 4th of October 2018 03:35:36 PM - 0 added successfully. 10 duplicates.

Thursday 4th of October 2018 03:42:59 PM - 0 added successfully. 10 duplicates.

Thursday 4th of October 2018 03:45:27 PM - 0 added successfully. 10 duplicates.

Thursday 4th of October 2018 03:50:00 PM - 0 added successfully. 10 duplicates.

Thursday 4th of October 2018 03:55:00 PM - 1 added successfully. 9 duplicates.

Thursday 4th of October 2018 04:00:01 PM - 0 added successfully. 10 duplicates.

Thursday 4th of October 2018 04:05:01 PM - 0 added successfully. 10 duplicates.

Thursday 4th of October 2018 04:10:00 PM - 0 added successfully. 10 duplicates.

Thursday 4th of October 2018 04:15:01 PM - 0 added successfully. 10 duplicates.

Thursday 4th of October 2018 04:20:01 PM - 0 added successfully. 10 duplicates.

Thursday 4th of October 2018 04:25:01 PM - 0 added successfully. 10 duplicates.

Thursday 4th of October 2018 04:30:01 PM - 0 added successfully. 10 duplicates.

Thursday 4th of October 2018 04:35:00 PM - 0 added successfully. 10 duplicates.

Thursday 4th of October 2018 04:40:00 PM - 0 added successfully. 10 duplicates.

Thursday 4th of October 2018 04:45:01 PM - 0 added successfully. 10 duplicates.

Thursday 4th of October 2018 04:50:00 PM - 0 added successfully. 10 duplicates.

Thursday 4th of October 2018 04:55:00 PM - 0 added successfully. 10 duplicates.

Thursday 4th of October 2018 05:00:01 PM - 0 added successfully. 10 duplicates.

Thursday 4th of October 2018 05:11:11 PM - 0 added successfully. 10 duplicates.

Thursday 4th of October 2018 05:15:01 PM - 0 added successfully. 10 duplicates.

Thursday 4th of October 2018 05:20:01 PM - 0 added successfully. 10 duplicates.

Friday 5th of October 2018 09:05:01 AM - 2 added successfully. 8 duplicates.

Friday 5th of October 2018 09:10:01 AM - 0 added successfully. 10 duplicates.

Friday 5th of October 2018 09:15:01 AM - 0 added successfully. 10 duplicates.

Friday 5th of October 2018 09:20:00 AM - 0 added successfully. 10 duplicates.

Friday 5th of October 2018 09:25:00 AM - 0 added successfully. 10 duplicates.

Friday 5th of October 2018 09:30:02 AM - 0 added successfully. 10 duplicates.

Friday 5th of October 2018 09:35:00 AM - 0 added successfully. 10 duplicates.

Friday 5th of October 2018 09:46:18 AM - 0 added successfully. 10 duplicates.

Friday 5th of October 2018 09:50:01 AM - 0 added successfully. 10 duplicates.

Friday 5th of October 2018 09:55:01 AM - 0 added successfully. 10 duplicates.

Friday 5th of October 2018 10:00:01 AM - 0 added successfully. 10 duplicates.

Friday 5th of October 2018 10:05:00 AM - 0 added successfully. 10 duplicates.

Warning: simplexml_load_file(): php_network_getaddresses: getaddrinfo failed: nodename nor servname provided, or not known in /Users/bwille/Sites/RSL/private/cron/feed.cron.php on line 3

Warning: simplexml_load_file(https://www.rsl.com/rss.xml): failed to open stream: php_network_getaddresses: getaddrinfo failed: nodename nor servname provided, or not known in /Users/bwille/Sites/RSL/private/cron/feed.cron.php on line 3

Warning: simplexml_load_file(): I/O warning : failed to load external entity "https://www.rsl.com/rss.xml" in /Users/bwille/Sites/RSL/private/cron/feed.cron.php on line 3

Friday 5th of October 2018 10:24:32 AM - 0 added successfully. 10 duplicates.

Friday 5th of October 2018 10:30:33 AM - 0 added successfully. 10 duplicates.

Friday 5th of October 2018 10:50:00 AM - 1 added successfully. 9 duplicates.

Friday 5th of October 2018 10:55:01 AM - 0 added successfully. 10 duplicates.

Friday 5th of October 2018 11:30:01 AM - 3 added successfully. 7 duplicates.

Friday 5th of October 2018 11:35:01 AM - 0 added successfully. 10 duplicates.

Friday 5th of October 2018 11:40:01 AM - 1 added successfully. 9 duplicates.

Friday 5th of October 2018 11:45:01 AM - 0 added successfully. 10 duplicates.

Friday 5th of October 2018 11:50:00 AM - 0 added successfully. 10 duplicates.

Friday 5th of October 2018 11:55:00 AM - 0 added successfully. 10 duplicates.

Friday 5th of October 2018 12:00:00 PM - 0 added successfully. 10 duplicates.

Friday 5th of October 2018 12:05:00 PM - 0 added successfully. 10 duplicates.

Friday 5th of October 2018 12:10:01 PM - 0 added successfully. 10 duplicates.

Friday 5th of October 2018 12:15:01 PM - 0 added successfully. 10 duplicates.

Friday 5th of October 2018 12:20:01 PM - 0 added successfully. 10 duplicates.

Friday 5th of October 2018 12:25:01 PM - 0 added successfully. 10 duplicates.

Friday 5th of October 2018 12:30:01 PM - 0 added successfully. 10 duplicates.

Friday 5th of October 2018 12:35:00 PM - 0 added successfully. 10 duplicates.

Friday 5th of October 2018 12:40:00 PM - 0 added successfully. 10 duplicates.

Friday 5th of October 2018 12:45:01 PM - 0 added successfully. 10 duplicates.

Friday 5th of October 2018 12:50:01 PM - 0 added successfully. 10 duplicates.

Friday 5th of October 2018 01:10:01 PM - 0 added successfully. 10 duplicates.

Friday 5th of October 2018 01:16:58 PM - 0 added successfully. 10 duplicates.

Friday 5th of October 2018 01:26:33 PM - 0 added successfully. 10 duplicates.

Friday 5th of October 2018 01:46:13 PM - 1 added successfully. 9 duplicates.

Friday 5th of October 2018 01:50:01 PM - 0 added successfully. 10 duplicates.

Friday 5th of October 2018 01:55:01 PM - 0 added successfully. 10 duplicates.

Friday 5th of October 2018 02:00:01 PM - 0 added successfully. 10 duplicates.

Friday 5th of October 2018 02:05:01 PM - 0 added successfully. 10 duplicates.

Friday 5th of October 2018 02:10:01 PM - 0 added successfully. 10 duplicates.

Friday 5th of October 2018 02:15:00 PM - 0 added successfully. 10 duplicates.

Friday 5th of October 2018 02:20:00 PM - 0 added successfully. 10 duplicates.

Friday 5th of October 2018 02:25:01 PM - 0 added successfully. 10 duplicates.

Friday 5th of October 2018 02:30:00 PM - 0 added successfully. 10 duplicates.

Friday 5th of October 2018 02:35:00 PM - 0 added successfully. 10 duplicates.

Friday 5th of October 2018 02:40:01 PM - 0 added successfully. 10 duplicates.

Friday 5th of October 2018 02:45:01 PM - 0 added successfully. 10 duplicates.

Friday 5th of October 2018 02:50:01 PM - 0 added successfully. 10 duplicates.

Friday 5th of October 2018 02:55:01 PM - 0 added successfully. 10 duplicates.

Friday 5th of October 2018 03:00:01 PM - 0 added successfully. 10 duplicates.

Friday 5th of October 2018 03:05:01 PM - 0 added successfully. 10 duplicates.

Friday 5th of October 2018 03:10:01 PM - 0 added successfully. 10 duplicates.

Friday 5th of October 2018 03:15:01 PM - 1 added successfully. 9 duplicates.

Friday 5th of October 2018 03:20:01 PM - 0 added successfully. 10 duplicates.

Friday 5th of October 2018 03:25:01 PM - 0 added successfully. 10 duplicates.

Friday 5th of October 2018 03:30:00 PM - 0 added successfully. 10 duplicates.

Friday 5th of October 2018 03:35:01 PM - 0 added successfully. 10 duplicates.

Friday 5th of October 2018 03:40:01 PM - 0 added successfully. 10 duplicates.

Friday 5th of October 2018 03:45:00 PM - 0 added successfully. 10 duplicates.

Friday 5th of October 2018 03:50:01 PM - 1 added successfully. 9 duplicates.

Friday 5th of October 2018 03:55:01 PM - 0 added successfully. 10 duplicates.

Friday 5th of October 2018 04:00:01 PM - 0 added successfully. 10 duplicates.

Friday 5th of October 2018 04:05:02 PM - 0 added successfully. 10 duplicates.

Friday 5th of October 2018 04:10:00 PM - 0 added successfully. 10 duplicates.

Friday 5th of October 2018 04:15:00 PM - 0 added successfully. 10 duplicates.

Saturday 6th of October 2018 12:10:00 AM - 3 added successfully. 7 duplicates.

Saturday 6th of October 2018 12:15:00 AM - 0 added successfully. 10 duplicates.

Saturday 6th of October 2018 12:20:01 AM - 0 added successfully. 10 duplicates.

Saturday 6th of October 2018 12:25:01 AM - 0 added successfully. 10 duplicates.

Saturday 6th of October 2018 12:30:00 AM - 0 added successfully. 10 duplicates.

Saturday 6th of October 2018 12:35:00 AM - 0 added successfully. 10 duplicates.

Saturday 6th of October 2018 12:40:01 AM - 0 added successfully. 10 duplicates.

Saturday 6th of October 2018 12:45:01 AM - 0 added successfully. 10 duplicates.

Saturday 6th of October 2018 12:50:01 AM - 0 added successfully. 10 duplicates.

Saturday 6th of October 2018 12:55:01 AM - 0 added successfully. 10 duplicates.

Saturday 6th of October 2018 01:00:00 AM - 0 added successfully. 10 duplicates.

Saturday 6th of October 2018 01:05:00 AM - 0 added successfully. 10 duplicates.

Warning: simplexml_load_file(): php_network_getaddresses: getaddrinfo failed: nodename nor servname provided, or not known in /Users/bwille/Sites/RSL/private/cron/feed.cron.php on line 3

Warning: simplexml_load_file(https://www.rsl.com/rss.xml): failed to open stream: php_network_getaddresses: getaddrinfo failed: nodename nor servname provided, or not known in /Users/bwille/Sites/RSL/private/cron/feed.cron.php on line 3

Warning: simplexml_load_file(): I/O warning : failed to load external entity "https://www.rsl.com/rss.xml" in /Users/bwille/Sites/RSL/private/cron/feed.cron.php on line 3

Saturday 6th of October 2018 07:25:17 AM - 0 added successfully. 10 duplicates.

Saturday 6th of October 2018 12:39:36 PM - 1 added successfully. 9 duplicates.

Saturday 6th of October 2018 04:05:01 PM - 2 added successfully. 8 duplicates.

Saturday 6th of October 2018 04:10:00 PM - 0 added successfully. 10 duplicates.

Saturday 6th of October 2018 04:15:00 PM - 0 added successfully. 10 duplicates.

Saturday 6th of October 2018 04:20:00 PM - 0 added successfully. 10 duplicates.

Sunday 7th of October 2018 01:25:09 AM - 10 added successfully. 0 duplicates.

Warning: simplexml_load_file(): php_network_getaddresses: getaddrinfo failed: nodename nor servname provided, or not known in /Users/bwille/Sites/RSL/private/cron/feed.cron.php on line 3

Warning: simplexml_load_file(https://www.rsl.com/rss.xml): failed to open stream: php_network_getaddresses: getaddrinfo failed: nodename nor servname provided, or not known in /Users/bwille/Sites/RSL/private/cron/feed.cron.php on line 3

Warning: simplexml_load_file(): I/O warning : failed to load external entity "https://www.rsl.com/rss.xml" in /Users/bwille/Sites/RSL/private/cron/feed.cron.php on line 3

Monday 8th of October 2018 09:33:37 AM - 0 added successfully. 10 duplicates.

Monday 8th of October 2018 09:35:01 AM - 0 added successfully. 10 duplicates.

Monday 8th of October 2018 09:40:01 AM - 0 added successfully. 10 duplicates.

Monday 8th of October 2018 09:45:01 AM - 0 added successfully. 10 duplicates.

Monday 8th of October 2018 09:50:01 AM - 0 added successfully. 10 duplicates.

Monday 8th of October 2018 09:55:01 AM - 0 added successfully. 10 duplicates.

Monday 8th of October 2018 10:00:01 AM - 0 added successfully. 10 duplicates.

Monday 8th of October 2018 10:07:48 AM - 0 added successfully. 10 duplicates.

Monday 8th of October 2018 10:10:00 AM - 0 added successfully. 10 duplicates.

Monday 8th of October 2018 10:15:02 AM - 0 added successfully. 10 duplicates.

Monday 8th of October 2018 10:20:01 AM - 0 added successfully. 10 duplicates.

Monday 8th of October 2018 10:25:01 AM - 0 added successfully. 10 duplicates.

Monday 8th of October 2018 10:30:01 AM - 0 added successfully. 10 duplicates.

Monday 8th of October 2018 10:35:00 AM - 0 added successfully. 10 duplicates.

Monday 8th of October 2018 10:40:01 AM - 0 added successfully. 10 duplicates.

Monday 8th of October 2018 10:45:00 AM - 0 added successfully. 10 duplicates.

Monday 8th of October 2018 10:50:00 AM - 0 added successfully. 10 duplicates.

Monday 8th of October 2018 10:55:00 AM - 0 added successfully. 10 duplicates.

Monday 8th of October 2018 11:00:00 AM - 0 added successfully. 10 duplicates.

Monday 8th of October 2018 11:05:02 AM - 0 added successfully. 10 duplicates.

Monday 8th of October 2018 11:10:01 AM - 0 added successfully. 10 duplicates.

Monday 8th of October 2018 11:15:01 AM - 0 added successfully. 10 duplicates.

Monday 8th of October 2018 11:20:00 AM - 0 added successfully. 10 duplicates.

Monday 8th of October 2018 11:25:00 AM - 0 added successfully. 10 duplicates.

Monday 8th of October 2018 11:30:00 AM - 0 added successfully. 10 duplicates.

Monday 8th of October 2018 11:35:00 AM - 0 added successfully. 10 duplicates.

Monday 8th of October 2018 11:40:01 AM - 0 added successfully. 10 duplicates.

Monday 8th of October 2018 11:45:00 AM - 0 added successfully. 10 duplicates.

Monday 8th of October 2018 11:50:01 AM - 0 added successfully. 10 duplicates.

Monday 8th of October 2018 11:55:02 AM - 0 added successfully. 10 duplicates.

Monday 8th of October 2018 12:00:01 PM - 0 added successfully. 10 duplicates.

Monday 8th of October 2018 12:05:00 PM - 0 added successfully. 10 duplicates.

Monday 8th of October 2018 12:10:00 PM - 0 added successfully. 10 duplicates.

Monday 8th of October 2018 12:15:01 PM - 1 added successfully. 9 duplicates.

Monday 8th of October 2018 12:20:01 PM - 0 added successfully. 10 duplicates.

Monday 8th of October 2018 12:25:01 PM - 0 added successfully. 10 duplicates.

Monday 8th of October 2018 12:30:01 PM - 0 added successfully. 10 duplicates.

Monday 8th of October 2018 12:35:00 PM - 0 added successfully. 10 duplicates.

Monday 8th of October 2018 12:40:00 PM - 0 added successfully. 10 duplicates.

Monday 8th of October 2018 12:45:00 PM - 0 added successfully. 10 duplicates.

Monday 8th of October 2018 12:50:00 PM - 0 added successfully. 10 duplicates.

Monday 8th of October 2018 12:55:00 PM - 0 added successfully. 10 duplicates.

Monday 8th of October 2018 01:00:00 PM - 1 added successfully. 9 duplicates.

Monday 8th of October 2018 01:05:00 PM - 0 added successfully. 10 duplicates.

Monday 8th of October 2018 01:10:01 PM - 0 added successfully. 10 duplicates.

Monday 8th of October 2018 01:15:01 PM - 0 added successfully. 10 duplicates.

Monday 8th of October 2018 01:20:01 PM - 0 added successfully. 10 duplicates.

Monday 8th of October 2018 01:25:01 PM - 1 added successfully. 9 duplicates.

Monday 8th of October 2018 01:30:01 PM - 0 added successfully. 10 duplicates.

Monday 8th of October 2018 01:35:00 PM - 0 added successfully. 10 duplicates.

Monday 8th of October 2018 01:40:00 PM - 0 added successfully. 10 duplicates.

Monday 8th of October 2018 01:45:00 PM - 0 added successfully. 10 duplicates.

Monday 8th of October 2018 01:50:00 PM - 1 added successfully. 9 duplicates.

Monday 8th of October 2018 01:55:01 PM - 0 added successfully. 10 duplicates.

Monday 8th of October 2018 02:00:01 PM - 0 added successfully. 10 duplicates.

Monday 8th of October 2018 02:05:01 PM - 0 added successfully. 10 duplicates.

Monday 8th of October 2018 02:10:01 PM - 0 added successfully. 10 duplicates.

Monday 8th of October 2018 02:15:00 PM - 0 added successfully. 10 duplicates.

Monday 8th of October 2018 02:20:01 PM - 0 added successfully. 10 duplicates.

Monday 8th of October 2018 02:25:01 PM - 0 added successfully. 10 duplicates.

Monday 8th of October 2018 02:30:00 PM - 0 added successfully. 10 duplicates.

Monday 8th of October 2018 02:35:01 PM - 0 added successfully. 10 duplicates.

Monday 8th of October 2018 02:40:01 PM - 0 added successfully. 10 duplicates.

Monday 8th of October 2018 02:45:01 PM - 0 added successfully. 10 duplicates.

Monday 8th of October 2018 02:50:01 PM - 0 added successfully. 10 duplicates.

Monday 8th of October 2018 02:55:01 PM - 0 added successfully. 10 duplicates.

Monday 8th of October 2018 03:00:01 PM - 0 added successfully. 10 duplicates.

Monday 8th of October 2018 03:05:01 PM - 0 added successfully. 10 duplicates.

Monday 8th of October 2018 03:10:01 PM - 0 added successfully. 10 duplicates.

Monday 8th of October 2018 03:15:01 PM - 0 added successfully. 10 duplicates.

Monday 8th of October 2018 03:20:00 PM - 0 added successfully. 10 duplicates.

Monday 8th of October 2018 03:25:01 PM - 0 added successfully. 10 duplicates.

Monday 8th of October 2018 03:30:00 PM - 0 added successfully. 10 duplicates.

Monday 8th of October 2018 03:35:01 PM - 0 added successfully. 10 duplicates.

Monday 8th of October 2018 03:40:01 PM - 0 added successfully. 10 duplicates.

Monday 8th of October 2018 03:45:01 PM - 0 added successfully. 10 duplicates.

Monday 8th of October 2018 03:50:01 PM - 0 added successfully. 10 duplicates.

Monday 8th of October 2018 03:55:01 PM - 0 added successfully. 10 duplicates.

Monday 8th of October 2018 04:00:00 PM - 0 added successfully. 10 duplicates.

Monday 8th of October 2018 04:05:00 PM - 0 added successfully. 10 duplicates.

Monday 8th of October 2018 04:10:00 PM - 0 added successfully. 10 duplicates.

Monday 8th of October 2018 04:15:00 PM - 0 added successfully. 10 duplicates.

Monday 8th of October 2018 04:20:01 PM - 0 added successfully. 10 duplicates.

Monday 8th of October 2018 04:25:01 PM - 0 added successfully. 10 duplicates.

Monday 8th of October 2018 04:30:01 PM - 0 added successfully. 10 duplicates.

Monday 8th of October 2018 04:35:01 PM - 0 added successfully. 10 duplicates.

Monday 8th of October 2018 04:40:00 PM - 0 added successfully. 10 duplicates.

Monday 8th of October 2018 04:45:01 PM - 0 added successfully. 10 duplicates.

Monday 8th of October 2018 04:50:01 PM - 0 added successfully. 10 duplicates.

Monday 8th of October 2018 04:55:00 PM - 0 added successfully. 10 duplicates.

Monday 8th of October 2018 05:00:01 PM - 0 added successfully. 10 duplicates.

Monday 8th of October 2018 05:05:01 PM - 0 added successfully. 10 duplicates.

Monday 8th of October 2018 05:10:01 PM - 0 added successfully. 10 duplicates.

Monday 8th of October 2018 05:15:00 PM - 0 added successfully. 10 duplicates.

Monday 8th of October 2018 05:20:00 PM - 0 added successfully. 10 duplicates.

Monday 8th of October 2018 05:25:01 PM - 0 added successfully. 10 duplicates.

Warning: simplexml_load_file(): php_network_getaddresses: getaddrinfo failed: nodename nor servname provided, or not known in /Users/bwille/Sites/RSL/private/cron/feed.cron.php on line 3

Warning: simplexml_load_file(https://www.rsl.com/rss.xml): failed to open stream: php_network_getaddresses: getaddrinfo failed: nodename nor servname provided, or not known in /Users/bwille/Sites/RSL/private/cron/feed.cron.php on line 3

Warning: simplexml_load_file(): I/O warning : failed to load external entity "https://www.rsl.com/rss.xml" in /Users/bwille/Sites/RSL/private/cron/feed.cron.php on line 3

Monday 8th of October 2018 05:40:14 PM - 0 added successfully. 10 duplicates.

Tuesday 9th of October 2018 09:35:01 AM - 5 added successfully. 5 duplicates.

Tuesday 9th of October 2018 09:40:01 AM - 0 added successfully. 10 duplicates.

Tuesday 9th of October 2018 09:45:00 AM - 0 added successfully. 10 duplicates.

Tuesday 9th of October 2018 09:50:00 AM - 0 added successfully. 10 duplicates.

Tuesday 9th of October 2018 09:55:00 AM - 0 added successfully. 10 duplicates.

Tuesday 9th of October 2018 10:00:01 AM - 0 added successfully. 10 duplicates.

Tuesday 9th of October 2018 10:05:01 AM - 0 added successfully. 10 duplicates.

Tuesday 9th of October 2018 10:10:01 AM - 0 added successfully. 10 duplicates.

Tuesday 9th of October 2018 10:15:01 AM - 0 added successfully. 10 duplicates.

Tuesday 9th of October 2018 10:30:33 AM - 0 added successfully. 10 duplicates.

Tuesday 9th of October 2018 10:35:27 AM - 0 added successfully. 10 duplicates.

Tuesday 9th of October 2018 10:45:51 AM - 0 added successfully. 10 duplicates.

Tuesday 9th of October 2018 10:50:01 AM - 0 added successfully. 10 duplicates.

Tuesday 9th of October 2018 10:55:01 AM - 0 added successfully. 10 duplicates.

Tuesday 9th of October 2018 11:00:01 AM - 0 added successfully. 10 duplicates.

Tuesday 9th of October 2018 11:05:01 AM - 0 added successfully. 10 duplicates.

Tuesday 9th of October 2018 11:10:01 AM - 0 added successfully. 10 duplicates.

Tuesday 9th of October 2018 11:15:01 AM - 0 added successfully. 10 duplicates.

Tuesday 9th of October 2018 11:20:00 AM - 0 added successfully. 10 duplicates.

Tuesday 9th of October 2018 11:25:01 AM - 1 added successfully. 9 duplicates.

Tuesday 9th of October 2018 11:30:00 AM - 0 added successfully. 10 duplicates.

Tuesday 9th of October 2018 11:35:00 AM - 1 added successfully. 9 duplicates.

Tuesday 9th of October 2018 11:40:01 AM - 0 added successfully. 10 duplicates.

Tuesday 9th of October 2018 11:45:01 AM - 0 added successfully. 10 duplicates.

Tuesday 9th of October 2018 11:50:00 AM - 0 added successfully. 10 duplicates.

Tuesday 9th of October 2018 11:55:00 AM - 0 added successfully. 10 duplicates.

Tuesday 9th of October 2018 12:00:00 PM - 0 added successfully. 10 duplicates.

Tuesday 9th of October 2018 12:05:02 PM - 0 added successfully. 10 duplicates.

Tuesday 9th of October 2018 12:10:00 PM - 0 added successfully. 10 duplicates.

Tuesday 9th of October 2018 12:15:00 PM - 0 added successfully. 10 duplicates.

Tuesday 9th of October 2018 12:20:00 PM - 0 added successfully. 10 duplicates.

Tuesday 9th of October 2018 12:25:01 PM - 0 added successfully. 10 duplicates.

Tuesday 9th of October 2018 12:30:00 PM - 0 added successfully. 10 duplicates.

Tuesday 9th of October 2018 12:35:01 PM - 0 added successfully. 10 duplicates.

Tuesday 9th of October 2018 12:40:01 PM - 0 added successfully. 10 duplicates.

Tuesday 9th of October 2018 12:45:01 PM - 0 added successfully. 10 duplicates.

Tuesday 9th of October 2018 12:50:01 PM - 0 added successfully. 10 duplicates.

Tuesday 9th of October 2018 12:55:01 PM - 0 added successfully. 10 duplicates.

Tuesday 9th of October 2018 01:00:01 PM - 0 added successfully. 10 duplicates.

Tuesday 9th of October 2018 01:05:00 PM - 0 added successfully. 10 duplicates.

Tuesday 9th of October 2018 01:10:00 PM - 0 added successfully. 10 duplicates.

Tuesday 9th of October 2018 01:15:00 PM - 0 added successfully. 10 duplicates.

Tuesday 9th of October 2018 01:20:00 PM - 1 added successfully. 9 duplicates.

Tuesday 9th of October 2018 01:25:00 PM - 0 added successfully. 10 duplicates.

Tuesday 9th of October 2018 01:30:01 PM - 0 added successfully. 10 duplicates.

Tuesday 9th of October 2018 01:35:01 PM - 0 added successfully. 10 duplicates.

Tuesday 9th of October 2018 01:40:01 PM - 0 added successfully. 10 duplicates.

Tuesday 9th of October 2018 01:45:01 PM - 0 added successfully. 10 duplicates.

Tuesday 9th of October 2018 01:50:00 PM - 0 added successfully. 10 duplicates.

Tuesday 9th of October 2018 01:55:00 PM - 0 added successfully. 10 duplicates.

Tuesday 9th of October 2018 02:00:01 PM - 0 added successfully. 10 duplicates.

Tuesday 9th of October 2018 02:05:01 PM - 0 added successfully. 10 duplicates.

Tuesday 9th of October 2018 02:10:01 PM - 0 added successfully. 10 duplicates.

Tuesday 9th of October 2018 02:15:01 PM - 1 added successfully. 9 duplicates.

Tuesday 9th of October 2018 02:20:01 PM - 0 added successfully. 10 duplicates.

Tuesday 9th of October 2018 02:25:01 PM - 0 added successfully. 10 duplicates.

Tuesday 9th of October 2018 02:30:00 PM - 0 added successfully. 10 duplicates.

Tuesday 9th of October 2018 02:35:00 PM - 0 added successfully. 10 duplicates.

Tuesday 9th of October 2018 02:40:01 PM - 0 added successfully. 10 duplicates.

Tuesday 9th of October 2018 02:45:00 PM - 0 added successfully. 10 duplicates.

Tuesday 9th of October 2018 02:50:01 PM - 0 added successfully. 10 duplicates.

Tuesday 9th of October 2018 02:55:00 PM - 0 added successfully. 10 duplicates.

Tuesday 9th of October 2018 03:00:00 PM - 0 added successfully. 10 duplicates.

Tuesday 9th of October 2018 03:05:01 PM - 0 added successfully. 10 duplicates.

Tuesday 9th of October 2018 03:10:01 PM - 0 added successfully. 10 duplicates.

Tuesday 9th of October 2018 03:15:01 PM - 0 added successfully. 10 duplicates.

Tuesday 9th of October 2018 03:20:00 PM - 0 added successfully. 10 duplicates.

Tuesday 9th of October 2018 03:25:01 PM - 0 added successfully. 10 duplicates.

Tuesday 9th of October 2018 03:30:01 PM - 0 added successfully. 10 duplicates.

Tuesday 9th of October 2018 03:35:01 PM - 0 added successfully. 10 duplicates.

Tuesday 9th of October 2018 03:40:01 PM - 0 added successfully. 10 duplicates.

Tuesday 9th of October 2018 03:45:02 PM - 0 added successfully. 10 duplicates.

Tuesday 9th of October 2018 03:50:01 PM - 0 added successfully. 10 duplicates.

Tuesday 9th of October 2018 03:55:01 PM - 0 added successfully. 10 duplicates.

Tuesday 9th of October 2018 04:00:00 PM - 0 added successfully. 10 duplicates.

Tuesday 9th of October 2018 04:05:01 PM - 1 added successfully. 9 duplicates.

Tuesday 9th of October 2018 04:10:01 PM - 0 added successfully. 10 duplicates.

Tuesday 9th of October 2018 04:15:01 PM - 0 added successfully. 10 duplicates.

Tuesday 9th of October 2018 04:20:00 PM - 0 added successfully. 10 duplicates.

Tuesday 9th of October 2018 04:25:00 PM - 0 added successfully. 10 duplicates.

Tuesday 9th of October 2018 04:30:00 PM - 0 added successfully. 10 duplicates.

Tuesday 9th of October 2018 04:35:01 PM - 0 added successfully. 10 duplicates.

Tuesday 9th of October 2018 04:40:00 PM - 0 added successfully. 10 duplicates.

Tuesday 9th of October 2018 04:45:00 PM - 0 added successfully. 10 duplicates.

Tuesday 9th of October 2018 04:50:01 PM - 0 added successfully. 10 duplicates.

Tuesday 9th of October 2018 04:55:01 PM - 0 added successfully. 10 duplicates.

Tuesday 9th of October 2018 05:00:01 PM - 0 added successfully. 10 duplicates.

Tuesday 9th of October 2018 05:05:01 PM - 0 added successfully. 10 duplicates.

Tuesday 9th of October 2018 05:10:00 PM - 0 added successfully. 10 duplicates.

Tuesday 9th of October 2018 05:15:00 PM - 0 added successfully. 10 duplicates.

Tuesday 9th of October 2018 05:20:00 PM - 0 added successfully. 10 duplicates.

Tuesday 9th of October 2018 05:25:01 PM - 0 added successfully. 10 duplicates.

Warning: simplexml_load_file(): php_network_getaddresses: getaddrinfo failed: nodename nor servname provided, or not known in /Users/bwille/Sites/RSL/private/cron/feed.cron.php on line 3

Warning: simplexml_load_file(https://www.rsl.com/rss.xml): failed to open stream: php_network_getaddresses: getaddrinfo failed: nodename nor servname provided, or not known in /Users/bwille/Sites/RSL/private/cron/feed.cron.php on line 3

Warning: simplexml_load_file(): I/O warning : failed to load external entity "https://www.rsl.com/rss.xml" in /Users/bwille/Sites/RSL/private/cron/feed.cron.php on line 3

Tuesday 9th of October 2018 05:55:03 PM - 0 added successfully. 10 duplicates.

Warning: simplexml_load_file(): php_network_getaddresses: getaddrinfo failed: nodename nor servname provided, or not known in /Users/bwille/Sites/RSL/private/cron/feed.cron.php on line 3

Warning: simplexml_load_file(https://www.rsl.com/rss.xml): failed to open stream: php_network_getaddresses: getaddrinfo failed: nodename nor servname provided, or not known in /Users/bwille/Sites/RSL/private/cron/feed.cron.php on line 3

Warning: simplexml_load_file(): I/O warning : failed to load external entity "https://www.rsl.com/rss.xml" in /Users/bwille/Sites/RSL/private/cron/feed.cron.php on line 3

Tuesday 9th of October 2018 06:05:48 PM - 0 added successfully. 10 duplicates.

Warning: simplexml_load_file(): php_network_getaddresses: getaddrinfo failed: nodename nor servname provided, or not known in /Users/bwille/Sites/RSL/private/cron/feed.cron.php on line 3

Warning: simplexml_load_file(https://www.rsl.com/rss.xml): failed to open stream: php_network_getaddresses: getaddrinfo failed: nodename nor servname provided, or not known in /Users/bwille/Sites/RSL/private/cron/feed.cron.php on line 3

Warning: simplexml_load_file(): I/O warning : failed to load external entity "https://www.rsl.com/rss.xml" in /Users/bwille/Sites/RSL/private/cron/feed.cron.php on line 3

Tuesday 9th of October 2018 06:11:31 PM - 0 added successfully. 10 duplicates.

Wednesday 10th of October 2018 09:40:01 AM - 2 added successfully. 8 duplicates.

Wednesday 10th of October 2018 09:45:01 AM - 0 added successfully. 10 duplicates.

Wednesday 10th of October 2018 09:50:01 AM - 0 added successfully. 10 duplicates.

Wednesday 10th of October 2018 09:55:01 AM - 0 added successfully. 10 duplicates.

Wednesday 10th of October 2018 10:00:01 AM - 0 added successfully. 10 duplicates.

Wednesday 10th of October 2018 10:05:00 AM - 0 added successfully. 10 duplicates.

Wednesday 10th of October 2018 10:10:01 AM - 0 added successfully. 10 duplicates.

Wednesday 10th of October 2018 10:15:01 AM - 0 added successfully. 10 duplicates.

Wednesday 10th of October 2018 10:20:00 AM - 0 added successfully. 10 duplicates.

Wednesday 10th of October 2018 10:25:00 AM - 0 added successfully. 10 duplicates.

Wednesday 10th of October 2018 10:30:01 AM - 0 added successfully. 10 duplicates.

Wednesday 10th of October 2018 10:35:01 AM - 0 added successfully. 10 duplicates.

Wednesday 10th of October 2018 10:40:00 AM - 0 added successfully. 10 duplicates.

Wednesday 10th of October 2018 10:45:00 AM - 0 added successfully. 10 duplicates.

Wednesday 10th of October 2018 10:50:00 AM - 0 added successfully. 10 duplicates.

Wednesday 10th of October 2018 10:55:01 AM - 0 added successfully. 10 duplicates.

Wednesday 10th of October 2018 11:04:21 AM - 0 added successfully. 10 duplicates.

Wednesday 10th of October 2018 11:05:52 AM - 0 added successfully. 10 duplicates.

Wednesday 10th of October 2018 11:10:00 AM - 0 added successfully. 10 duplicates.

Wednesday 10th of October 2018 11:15:01 AM - 0 added successfully. 10 duplicates.

Wednesday 10th of October 2018 11:20:01 AM - 0 added successfully. 10 duplicates.

Wednesday 10th of October 2018 11:25:01 AM - 0 added successfully. 10 duplicates.

Wednesday 10th of October 2018 11:30:01 AM - 0 added successfully. 10 duplicates.

Wednesday 10th of October 2018 11:35:01 AM - 0 added successfully. 10 duplicates.

Wednesday 10th of October 2018 11:40:01 AM - 0 added successfully. 10 duplicates.

Wednesday 10th of October 2018 11:45:01 AM - 0 added successfully. 10 duplicates.

Wednesday 10th of October 2018 11:50:01 AM - 0 added successfully. 10 duplicates.

Wednesday 10th of October 2018 11:55:00 AM - 0 added successfully. 10 duplicates.

Wednesday 10th of October 2018 12:00:00 PM - 0 added successfully. 10 duplicates.

Wednesday 10th of October 2018 12:05:01 PM - 0 added successfully. 10 duplicates.

Wednesday 10th of October 2018 12:10:01 PM - 0 added successfully. 10 duplicates.

Wednesday 10th of October 2018 12:15:01 PM - 0 added successfully. 10 duplicates.

Wednesday 10th of October 2018 12:20:00 PM - 0 added successfully. 10 duplicates.

Wednesday 10th of October 2018 12:25:00 PM - 1 added successfully. 9 duplicates.

Wednesday 10th of October 2018 12:30:01 PM - 0 added successfully. 10 duplicates.

Wednesday 10th of October 2018 12:35:01 PM - 0 added successfully. 10 duplicates.

Wednesday 10th of October 2018 12:40:01 PM - 0 added successfully. 10 duplicates.

Wednesday 10th of October 2018 12:45:01 PM - 0 added successfully. 10 duplicates.

Wednesday 10th of October 2018 12:50:01 PM - 0 added successfully. 10 duplicates.

Wednesday 10th of October 2018 12:55:00 PM - 0 added successfully. 10 duplicates.

Wednesday 10th of October 2018 01:00:00 PM - 0 added successfully. 10 duplicates.

Wednesday 10th of October 2018 01:05:00 PM - 0 added successfully. 10 duplicates.

Wednesday 10th of October 2018 01:10:01 PM - 1 added successfully. 9 duplicates.

Wednesday 10th of October 2018 01:15:01 PM - 0 added successfully. 10 duplicates.

Wednesday 10th of October 2018 01:20:01 PM - 0 added successfully. 10 duplicates.

Wednesday 10th of October 2018 01:25:01 PM - 0 added successfully. 10 duplicates.

Wednesday 10th of October 2018 01:30:01 PM - 0 added successfully. 10 duplicates.

Wednesday 10th of October 2018 01:35:01 PM - 0 added successfully. 10 duplicates.

Wednesday 10th of October 2018 02:01:44 PM - 2 added successfully. 8 duplicates.

Wednesday 10th of October 2018 02:05:01 PM - 0 added successfully. 10 duplicates.

Wednesday 10th of October 2018 02:10:01 PM - 0 added successfully. 10 duplicates.

Wednesday 10th of October 2018 02:15:01 PM - 0 added successfully. 10 duplicates.

Wednesday 10th of October 2018 02:20:01 PM - 0 added successfully. 10 duplicates.

Wednesday 10th of October 2018 02:25:02 PM - 0 added successfully. 10 duplicates.

Wednesday 10th of October 2018 02:30:00 PM - 0 added successfully. 10 duplicates.

Wednesday 10th of October 2018 02:35:01 PM - 0 added successfully. 10 duplicates.

Wednesday 10th of October 2018 02:40:00 PM - 0 added successfully. 10 duplicates.

Wednesday 10th of October 2018 02:45:00 PM - 0 added successfully. 10 duplicates.

Wednesday 10th of October 2018 02:50:01 PM - 0 added successfully. 10 duplicates.

Wednesday 10th of October 2018 02:55:01 PM - 0 added successfully. 10 duplicates.

Wednesday 10th of October 2018 03:00:00 PM - 0 added successfully. 10 duplicates.

Wednesday 10th of October 2018 03:05:00 PM - 0 added successfully. 10 duplicates.

Wednesday 10th of October 2018 03:10:02 PM - 0 added successfully. 10 duplicates.

Wednesday 10th of October 2018 03:15:01 PM - 0 added successfully. 10 duplicates.

Wednesday 10th of October 2018 03:20:01 PM - 0 added successfully. 10 duplicates.

Wednesday 10th of October 2018 03:25:01 PM - 0 added successfully. 10 duplicates.

Wednesday 10th of October 2018 03:30:00 PM - 0 added successfully. 10 duplicates.

Wednesday 10th of October 2018 03:35:01 PM - 0 added successfully. 10 duplicates.

Wednesday 10th of October 2018 03:40:02 PM - 0 added successfully. 10 duplicates.

Wednesday 10th of October 2018 03:45:01 PM - 0 added successfully. 10 duplicates.

Wednesday 10th of October 2018 03:50:01 PM - 0 added successfully. 10 duplicates.

Wednesday 10th of October 2018 03:55:01 PM - 0 added successfully. 10 duplicates.

Wednesday 10th of October 2018 04:00:00 PM - 0 added successfully. 10 duplicates.

Wednesday 10th of October 2018 04:05:00 PM - 0 added successfully. 10 duplicates.

Wednesday 10th of October 2018 04:10:00 PM - 0 added successfully. 10 duplicates.

Wednesday 10th of October 2018 04:15:01 PM - 0 added successfully. 10 duplicates.

Wednesday 10th of October 2018 04:20:01 PM - 0 added successfully. 10 duplicates.

Wednesday 10th of October 2018 04:25:01 PM - 0 added successfully. 10 duplicates.

Wednesday 10th of October 2018 04:30:01 PM - 0 added successfully. 10 duplicates.

Wednesday 10th of October 2018 04:35:00 PM - 0 added successfully. 10 duplicates.

Wednesday 10th of October 2018 04:40:01 PM - 0 added successfully. 10 duplicates.

Wednesday 10th of October 2018 04:45:01 PM - 1 added successfully. 9 duplicates.

Wednesday 10th of October 2018 04:50:00 PM - 0 added successfully. 10 duplicates.

Wednesday 10th of October 2018 04:55:00 PM - 0 added successfully. 10 duplicates.

Wednesday 10th of October 2018 05:00:01 PM - 0 added successfully. 10 duplicates.

Wednesday 10th of October 2018 05:05:04 PM - 0 added successfully. 10 duplicates.

Wednesday 10th of October 2018 05:10:01 PM - 0 added successfully. 10 duplicates.

Wednesday 10th of October 2018 05:15:00 PM - 0 added successfully. 10 duplicates.

Wednesday 10th of October 2018 05:20:01 PM - 0 added successfully. 10 duplicates.

Wednesday 10th of October 2018 05:25:02 PM - 0 added successfully. 10 duplicates.

Wednesday 10th of October 2018 05:30:02 PM - 0 added successfully. 10 duplicates.

Warning: simplexml_load_file(): php_network_getaddresses: getaddrinfo failed: nodename nor servname provided, or not known in /Users/bwille/Sites/RSL/private/cron/feed.cron.php on line 3

Warning: simplexml_load_file(https://www.rsl.com/rss.xml): failed to open stream: php_network_getaddresses: getaddrinfo failed: nodename nor servname provided, or not known in /Users/bwille/Sites/RSL/private/cron/feed.cron.php on line 3

Warning: simplexml_load_file(): I/O warning : failed to load external entity "https://www.rsl.com/rss.xml" in /Users/bwille/Sites/RSL/private/cron/feed.cron.php on line 3

Wednesday 10th of October 2018 05:41:22 PM - 0 added successfully. 10 duplicates.

Warning: simplexml_load_file(): php_network_getaddresses: getaddrinfo failed: nodename nor servname provided, or not known in /Users/bwille/Sites/RSL/private/cron/feed.cron.php on line 3

Warning: simplexml_load_file(https://www.rsl.com/rss.xml): failed to open stream: php_network_getaddresses: getaddrinfo failed: nodename nor servname provided, or not known in /Users/bwille/Sites/RSL/private/cron/feed.cron.php on line 3

Warning: simplexml_load_file(): I/O warning : failed to load external entity "https://www.rsl.com/rss.xml" in /Users/bwille/Sites/RSL/private/cron/feed.cron.php on line 3

Wednesday 10th of October 2018 05:46:08 PM - 0 added successfully. 10 duplicates.

Warning: simplexml_load_file(): php_network_getaddresses: getaddrinfo failed: nodename nor servname provided, or not known in /Users/bwille/Sites/RSL/private/cron/feed.cron.php on line 3

Warning: simplexml_load_file(https://www.rsl.com/rss.xml): failed to open stream: php_network_getaddresses: getaddrinfo failed: nodename nor servname provided, or not known in /Users/bwille/Sites/RSL/private/cron/feed.cron.php on line 3

Warning: simplexml_load_file(): I/O warning : failed to load external entity "https://www.rsl.com/rss.xml" in /Users/bwille/Sites/RSL/private/cron/feed.cron.php on line 3

Wednesday 10th of October 2018 05:53:19 PM - 0 added successfully. 10 duplicates.

Warning: simplexml_load_file(): php_network_getaddresses: getaddrinfo failed: nodename nor servname provided, or not known in /Users/bwille/Sites/RSL/private/cron/feed.cron.php on line 3

Warning: simplexml_load_file(https://www.rsl.com/rss.xml): failed to open stream: php_network_getaddresses: getaddrinfo failed: nodename nor servname provided, or not known in /Users/bwille/Sites/RSL/private/cron/feed.cron.php on line 3

Warning: simplexml_load_file(): I/O warning : failed to load external entity "https://www.rsl.com/rss.xml" in /Users/bwille/Sites/RSL/private/cron/feed.cron.php on line 3

Wednesday 10th of October 2018 05:57:57 PM - 0 added successfully. 10 duplicates.

Wednesday 10th of October 2018 09:50:02 PM - 0 added successfully. 10 duplicates.

Wednesday 10th of October 2018 09:55:01 PM - 0 added successfully. 10 duplicates.

Wednesday 10th of October 2018 10:00:01 PM - 0 added successfully. 10 duplicates.

Wednesday 10th of October 2018 10:05:03 PM - 0 added successfully. 10 duplicates.

Wednesday 10th of October 2018 10:10:02 PM - 0 added successfully. 10 duplicates.

Wednesday 10th of October 2018 10:15:01 PM - 0 added successfully. 10 duplicates.

Wednesday 10th of October 2018 10:20:01 PM - 0 added successfully. 10 duplicates.

Wednesday 10th of October 2018 10:25:01 PM - 0 added successfully. 10 duplicates.

Wednesday 10th of October 2018 10:30:01 PM - 0 added successfully. 10 duplicates.

Wednesday 10th of October 2018 10:35:01 PM - 0 added successfully. 10 duplicates.

Wednesday 10th of October 2018 10:40:02 PM - 0 added successfully. 10 duplicates.

Wednesday 10th of October 2018 10:45:02 PM - 0 added successfully. 10 duplicates.

Wednesday 10th of October 2018 10:50:01 PM - 0 added successfully. 10 duplicates.

Wednesday 10th of October 2018 10:55:00 PM - 0 added successfully. 10 duplicates.

Wednesday 10th of October 2018 11:00:01 PM - 0 added successfully. 10 duplicates.

Wednesday 10th of October 2018 11:05:01 PM - 0 added successfully. 10 duplicates.

Wednesday 10th of October 2018 11:10:02 PM - 0 added successfully. 10 duplicates.

Wednesday 10th of October 2018 11:15:01 PM - 0 added successfully. 10 duplicates.

Warning: simplexml_load_file(): php_network_getaddresses: getaddrinfo failed: nodename nor servname provided, or not known in /Users/bwille/Sites/RSL/private/cron/feed.cron.php on line 3

Warning: simplexml_load_file(https://www.rsl.com/rss.xml): failed to open stream: php_network_getaddresses: getaddrinfo failed: nodename nor servname provided, or not known in /Users/bwille/Sites/RSL/private/cron/feed.cron.php on line 3

Warning: simplexml_load_file(): I/O warning : failed to load external entity "https://www.rsl.com/rss.xml" in /Users/bwille/Sites/RSL/private/cron/feed.cron.php on line 3

Thursday 11th of October 2018 10:46:09 AM - 0 added successfully. 10 duplicates.

Thursday 11th of October 2018 10:50:00 AM - 0 added successfully. 10 duplicates.

Thursday 11th of October 2018 10:55:00 AM - 0 added successfully. 10 duplicates.

Thursday 11th of October 2018 11:00:01 AM - 0 added successfully. 10 duplicates.

Thursday 11th of October 2018 11:05:01 AM - 0 added successfully. 10 duplicates.

Thursday 11th of October 2018 11:10:01 AM - 0 added successfully. 10 duplicates.

Thursday 11th of October 2018 11:15:00 AM - 0 added successfully. 10 duplicates.

Thursday 11th of October 2018 11:20:00 AM - 0 added successfully. 10 duplicates.

Thursday 11th of October 2018 11:25:00 AM - 0 added successfully. 10 duplicates.

Thursday 11th of October 2018 11:30:00 AM - 0 added successfully. 10 duplicates.

Thursday 11th of October 2018 11:35:00 AM - 0 added successfully. 10 duplicates.

Thursday 11th of October 2018 11:40:01 AM - 0 added successfully. 10 duplicates.

Thursday 11th of October 2018 11:45:01 AM - 0 added successfully. 10 duplicates.

Thursday 11th of October 2018 11:50:01 AM - 0 added successfully. 10 duplicates.

Thursday 11th of October 2018 11:55:01 AM - 0 added successfully. 10 duplicates.

Thursday 11th of October 2018 12:00:00 PM - 0 added successfully. 10 duplicates.

Thursday 11th of October 2018 12:05:00 PM - 0 added successfully. 10 duplicates.

Thursday 11th of October 2018 12:10:00 PM - 0 added successfully. 10 duplicates.

Thursday 11th of October 2018 12:15:00 PM - 0 added successfully. 10 duplicates.

Thursday 11th of October 2018 12:20:01 PM - 0 added successfully. 10 duplicates.

Thursday 11th of October 2018 12:25:01 PM - 0 added successfully. 10 duplicates.

Thursday 11th of October 2018 12:30:01 PM - 0 added successfully. 10 duplicates.

Thursday 11th of October 2018 12:35:00 PM - 0 added successfully. 10 duplicates.

Thursday 11th of October 2018 12:40:01 PM - 0 added successfully. 10 duplicates.

Thursday 11th of October 2018 12:45:01 PM - 0 added successfully. 10 duplicates.

Thursday 11th of October 2018 12:50:01 PM - 0 added successfully. 10 duplicates.

Thursday 11th of October 2018 12:55:00 PM - 0 added successfully. 10 duplicates.

Thursday 11th of October 2018 01:00:01 PM - 0 added successfully. 10 duplicates.

Thursday 11th of October 2018 01:05:01 PM - 0 added successfully. 10 duplicates.

Thursday 11th of October 2018 01:10:01 PM - 0 added successfully. 10 duplicates.

Thursday 11th of October 2018 01:15:01 PM - 0 added successfully. 10 duplicates.

Thursday 11th of October 2018 01:20:00 PM - 0 added successfully. 10 duplicates.

Thursday 11th of October 2018 01:25:01 PM - 0 added successfully. 10 duplicates.

Thursday 11th of October 2018 01:30:01 PM - 0 added successfully. 10 duplicates.

Thursday 11th of October 2018 01:35:01 PM - 0 added successfully. 10 duplicates.

Thursday 11th of October 2018 01:40:01 PM - 0 added successfully. 10 duplicates.

Thursday 11th of October 2018 01:45:01 PM - 1 added successfully. 9 duplicates.

Thursday 11th of October 2018 01:50:01 PM - 0 added successfully. 10 duplicates.

Thursday 11th of October 2018 01:55:01 PM - 0 added successfully. 10 duplicates.

Thursday 11th of October 2018 02:00:00 PM - 0 added successfully. 10 duplicates.

Thursday 11th of October 2018 02:05:01 PM - 0 added successfully. 10 duplicates.

Thursday 11th of October 2018 02:10:01 PM - 0 added successfully. 10 duplicates.

Thursday 11th of October 2018 02:15:01 PM - 0 added successfully. 10 duplicates.

Thursday 11th of October 2018 02:20:01 PM - 0 added successfully. 10 duplicates.

Thursday 11th of October 2018 02:25:01 PM - 0 added successfully. 10 duplicates.

Thursday 11th of October 2018 02:37:57 PM - 0 added successfully. 10 duplicates.

Thursday 11th of October 2018 02:37:58 PM - 0 added successfully. 10 duplicates.

Thursday 11th of October 2018 02:43:56 PM - 1 added successfully. 9 duplicates.

Thursday 11th of October 2018 02:48:09 PM - 0 added successfully. 10 duplicates.

Thursday 11th of October 2018 02:52:13 PM - 0 added successfully. 10 duplicates.

Thursday 11th of October 2018 02:56:11 PM - 0 added successfully. 10 duplicates.

Thursday 11th of October 2018 03:07:01 PM - 0 added successfully. 10 duplicates.

Thursday 11th of October 2018 03:10:00 PM - 0 added successfully. 10 duplicates.

Thursday 11th of October 2018 03:15:01 PM - 0 added successfully. 10 duplicates.

Thursday 11th of October 2018 03:20:02 PM - 0 added successfully. 10 duplicates.

Thursday 11th of October 2018 03:25:01 PM - 0 added successfully. 10 duplicates.

Thursday 11th of October 2018 03:30:01 PM - 0 added successfully. 10 duplicates.

Thursday 11th of October 2018 03:35:00 PM - 0 added successfully. 10 duplicates.

Thursday 11th of October 2018 03:40:01 PM - 1 added successfully. 9 duplicates.

Thursday 11th of October 2018 03:45:01 PM - 0 added successfully. 10 duplicates.

Thursday 11th of October 2018 03:50:01 PM - 0 added successfully. 10 duplicates.

Thursday 11th of October 2018 03:55:01 PM - 0 added successfully. 10 duplicates.

Thursday 11th of October 2018 04:00:00 PM - 0 added successfully. 10 duplicates.

Thursday 11th of October 2018 04:05:00 PM - 0 added successfully. 10 duplicates.

Thursday 11th of October 2018 04:10:01 PM - 0 added successfully. 10 duplicates.

Thursday 11th of October 2018 04:15:01 PM - 0 added successfully. 10 duplicates.

Thursday 11th of October 2018 04:20:01 PM - 0 added successfully. 10 duplicates.

Thursday 11th of October 2018 04:25:00 PM - 0 added successfully. 10 duplicates.

Thursday 11th of October 2018 04:30:00 PM - 0 added successfully. 10 duplicates.

Thursday 11th of October 2018 04:35:01 PM - 0 added successfully. 10 duplicates.

Thursday 11th of October 2018 04:40:01 PM - 0 added successfully. 10 duplicates.

Thursday 11th of October 2018 04:45:01 PM - 0 added successfully. 10 duplicates.

Thursday 11th of October 2018 04:50:00 PM - 0 added successfully. 10 duplicates.

Thursday 11th of October 2018 04:55:00 PM - 0 added successfully. 10 duplicates.

Thursday 11th of October 2018 05:00:00 PM - 0 added successfully. 10 duplicates.

Thursday 11th of October 2018 05:05:01 PM - 0 added successfully. 10 duplicates.

Thursday 11th of October 2018 05:10:00 PM - 0 added successfully. 10 duplicates.

Thursday 11th of October 2018 05:15:00 PM - 0 added successfully. 10 duplicates.

Thursday 11th of October 2018 05:20:01 PM - 0 added successfully. 10 duplicates.

Thursday 11th of October 2018 05:25:01 PM - 0 added successfully. 10 duplicates.

Warning: simplexml_load_file(): php_network_getaddresses: getaddrinfo failed: nodename nor servname provided, or not known in /Users/bwille/Sites/RSL/private/cron/feed.cron.php on line 3

Warning: simplexml_load_file(https://www.rsl.com/rss.xml): failed to open stream: php_network_getaddresses: getaddrinfo failed: nodename nor servname provided, or not known in /Users/bwille/Sites/RSL/private/cron/feed.cron.php on line 3

Warning: simplexml_load_file(): I/O warning : failed to load external entity "https://www.rsl.com/rss.xml" in /Users/bwille/Sites/RSL/private/cron/feed.cron.php on line 3

Thursday 11th of October 2018 05:48:33 PM - 0 added successfully. 10 duplicates.

Warning: simplexml_load_file(): php_network_getaddresses: getaddrinfo failed: nodename nor servname provided, or not known in /Users/bwille/Sites/RSL/private/cron/feed.cron.php on line 3

Warning: simplexml_load_file(https://www.rsl.com/rss.xml): failed to open stream: php_network_getaddresses: getaddrinfo failed: nodename nor servname provided, or not known in /Users/bwille/Sites/RSL/private/cron/feed.cron.php on line 3

Warning: simplexml_load_file(): I/O warning : failed to load external entity "https://www.rsl.com/rss.xml" in /Users/bwille/Sites/RSL/private/cron/feed.cron.php on line 3

Thursday 11th of October 2018 05:50:00 PM - 0 added successfully. 10 duplicates.

Thursday 11th of October 2018 06:09:24 PM - 0 added successfully. 10 duplicates.

Thursday 11th of October 2018 06:50:21 PM - 0 added successfully. 10 duplicates.

Thursday 11th of October 2018 07:53:41 PM - 0 added successfully. 10 duplicates.

Thursday 11th of October 2018 07:58:22 PM - 0 added successfully. 10 duplicates.

Thursday 11th of October 2018 08:16:20 PM - 0 added successfully. 10 duplicates.

Thursday 11th of October 2018 08:25:55 PM - 0 added successfully. 10 duplicates.

Thursday 11th of October 2018 08:30:11 PM - 0 added successfully. 10 duplicates.

Thursday 11th of October 2018 08:39:27 PM - 0 added successfully. 10 duplicates.

Thursday 11th of October 2018 08:44:11 PM - 0 added successfully. 10 duplicates.

Thursday 11th of October 2018 08:53:18 PM - 0 added successfully. 10 duplicates.

Thursday 11th of October 2018 09:02:33 PM - 0 added successfully. 10 duplicates.

Thursday 11th of October 2018 09:07:11 PM - 0 added successfully. 10 duplicates.

Friday 12th of October 2018 09:45:01 AM - 1 added successfully. 9 duplicates.

Friday 12th of October 2018 09:50:01 AM - 0 added successfully. 10 duplicates.

Friday 12th of October 2018 09:55:00 AM - 0 added successfully. 10 duplicates.

Friday 12th of October 2018 10:00:00 AM - 0 added successfully. 10 duplicates.

Friday 12th of October 2018 10:05:01 AM - 0 added successfully. 10 duplicates.

Friday 12th of October 2018 10:10:02 AM - 0 added successfully. 10 duplicates.

Friday 12th of October 2018 10:15:01 AM - 0 added successfully. 10 duplicates.

Friday 12th of October 2018 10:20:00 AM - 0 added successfully. 10 duplicates.

Friday 12th of October 2018 10:25:00 AM - 0 added successfully. 10 duplicates.

Friday 12th of October 2018 10:30:00 AM - 0 added successfully. 10 duplicates.

Friday 12th of October 2018 10:35:01 AM - 0 added successfully. 10 duplicates.

Friday 12th of October 2018 10:40:01 AM - 0 added successfully. 10 duplicates.

Friday 12th of October 2018 10:45:00 AM - 0 added successfully. 10 duplicates.

Friday 12th of October 2018 10:50:01 AM - 0 added successfully. 10 duplicates.

Friday 12th of October 2018 10:55:01 AM - 0 added successfully. 10 duplicates.

Friday 12th of October 2018 11:20:03 AM - 0 added successfully. 10 duplicates.

Friday 12th of October 2018 11:25:00 AM - 0 added successfully. 10 duplicates.

Friday 12th of October 2018 11:30:00 AM - 0 added successfully. 10 duplicates.

Friday 12th of October 2018 11:35:01 AM - 0 added successfully. 10 duplicates.

Friday 12th of October 2018 11:40:01 AM - 0 added successfully. 10 duplicates.

Friday 12th of October 2018 11:45:00 AM - 0 added successfully. 10 duplicates.

Friday 12th of October 2018 11:50:00 AM - 0 added successfully. 10 duplicates.

Friday 12th of October 2018 11:55:00 AM - 0 added successfully. 10 duplicates.

Friday 12th of October 2018 12:00:00 PM - 0 added successfully. 10 duplicates.

Friday 12th of October 2018 12:05:01 PM - 1 added successfully. 9 duplicates.

Friday 12th of October 2018 12:10:00 PM - 0 added successfully. 10 duplicates.

Friday 12th of October 2018 12:15:00 PM - 0 added successfully. 10 duplicates.

Friday 12th of October 2018 12:20:01 PM - 0 added successfully. 10 duplicates.

Friday 12th of October 2018 12:25:01 PM - 0 added successfully. 10 duplicates.

Friday 12th of October 2018 12:30:00 PM - 0 added successfully. 10 duplicates.

Friday 12th of October 2018 12:35:00 PM - 1 added successfully. 9 duplicates.

Friday 12th of October 2018 12:40:00 PM - 0 added successfully. 10 duplicates.

Friday 12th of October 2018 12:45:01 PM - 0 added successfully. 10 duplicates.

Friday 12th of October 2018 12:50:01 PM - 0 added successfully. 10 duplicates.

Friday 12th of October 2018 01:00:00 PM - 0 added successfully. 10 duplicates.

Friday 12th of October 2018 01:05:01 PM - 0 added successfully. 10 duplicates.

Friday 12th of October 2018 01:10:01 PM - 0 added successfully. 10 duplicates.

Friday 12th of October 2018 01:15:00 PM - 0 added successfully. 10 duplicates.

Friday 12th of October 2018 01:20:00 PM - 0 added successfully. 10 duplicates.

Warning: simplexml_load_file(): php_network_getaddresses: getaddrinfo failed: nodename nor servname provided, or not known in /Users/bwille/Sites/RSL/private/cron/feed.cron.php on line 3

Warning: simplexml_load_file(https://www.rsl.com/rss.xml): failed to open stream: php_network_getaddresses: getaddrinfo failed: nodename nor servname provided, or not known in /Users/bwille/Sites/RSL/private/cron/feed.cron.php on line 3

Warning: simplexml_load_file(): I/O warning : failed to load external entity "https://www.rsl.com/rss.xml" in /Users/bwille/Sites/RSL/private/cron/feed.cron.php on line 3

Friday 12th of October 2018 01:25:01 PM - 0 added successfully. 10 duplicates.

Friday 12th of October 2018 01:30:01 PM - 0 added successfully. 10 duplicates.

Friday 12th of October 2018 01:35:01 PM - 0 added successfully. 10 duplicates.

Friday 12th of October 2018 01:40:01 PM - 0 added successfully. 10 duplicates.

Friday 12th of October 2018 01:45:00 PM - 0 added successfully. 10 duplicates.

Friday 12th of October 2018 01:50:01 PM - 0 added successfully. 10 duplicates.

Friday 12th of October 2018 01:55:00 PM - 0 added successfully. 10 duplicates.

Friday 12th of October 2018 02:00:00 PM - 0 added successfully. 10 duplicates.

Friday 12th of October 2018 02:05:00 PM - 0 added successfully. 10 duplicates.

Friday 12th of October 2018 02:10:01 PM - 0 added successfully. 10 duplicates.

Friday 12th of October 2018 02:15:01 PM - 0 added successfully. 10 duplicates.

Friday 12th of October 2018 02:35:00 PM - 0 added successfully. 10 duplicates.

Friday 12th of October 2018 02:40:01 PM - 0 added successfully. 10 duplicates.

Friday 12th of October 2018 02:45:01 PM - 0 added successfully. 10 duplicates.

Friday 12th of October 2018 02:50:01 PM - 0 added successfully. 10 duplicates.

Friday 12th of October 2018 02:55:01 PM - 0 added successfully. 10 duplicates.

Friday 12th of October 2018 03:00:00 PM - 0 added successfully. 10 duplicates.

Friday 12th of October 2018 03:05:01 PM - 0 added successfully. 10 duplicates.

Friday 12th of October 2018 03:10:02 PM - 0 added successfully. 10 duplicates.

Friday 12th of October 2018 03:15:00 PM - 0 added successfully. 10 duplicates.

Friday 12th of October 2018 03:20:00 PM - 0 added successfully. 10 duplicates.

Friday 12th of October 2018 04:15:01 PM - 0 added successfully. 10 duplicates.

Friday 12th of October 2018 04:20:00 PM - 0 added successfully. 10 duplicates.

Friday 12th of October 2018 04:28:07 PM - 0 added successfully. 10 duplicates.

Friday 12th of October 2018 04:30:01 PM - 0 added successfully. 10 duplicates.

Friday 12th of October 2018 04:35:01 PM - 0 added successfully. 10 duplicates.

Friday 12th of October 2018 04:40:05 PM - 0 added successfully. 10 duplicates.

Friday 12th of October 2018 04:45:01 PM - 0 added successfully. 10 duplicates.

Friday 12th of October 2018 04:50:00 PM - 0 added successfully. 10 duplicates.

Friday 12th of October 2018 04:55:00 PM - 0 added successfully. 10 duplicates.

Friday 12th of October 2018 05:00:01 PM - 0 added successfully. 10 duplicates.

Friday 12th of October 2018 05:05:01 PM - 0 added successfully. 10 duplicates.

Warning: simplexml_load_file(): php_network_getaddresses: getaddrinfo failed: nodename nor servname provided, or not known in /Users/bwille/Sites/RSL/private/cron/feed.cron.php on line 3

Warning: simplexml_load_file(https://www.rsl.com/rss.xml): failed to open stream: php_network_getaddresses: getaddrinfo failed: nodename nor servname provided, or not known in /Users/bwille/Sites/RSL/private/cron/feed.cron.php on line 3

Warning: simplexml_load_file(): I/O warning : failed to load external entity "https://www.rsl.com/rss.xml" in /Users/bwille/Sites/RSL/private/cron/feed.cron.php on line 3

Friday 12th of October 2018 05:11:59 PM - 0 added successfully. 10 duplicates.

Warning: simplexml_load_file(): php_network_getaddresses: getaddrinfo failed: nodename nor servname provided, or not known in /Users/bwille/Sites/RSL/private/cron/feed.cron.php on line 3

Warning: simplexml_load_file(https://www.rsl.com/rss.xml): failed to open stream: php_network_getaddresses: getaddrinfo failed: nodename nor servname provided, or not known in /Users/bwille/Sites/RSL/private/cron/feed.cron.php on line 3

Warning: simplexml_load_file(): I/O warning : failed to load external entity "https://www.rsl.com/rss.xml" in /Users/bwille/Sites/RSL/private/cron/feed.cron.php on line 3

Friday 12th of October 2018 05:18:32 PM - 0 added successfully. 10 duplicates.

Saturday 13th of October 2018 04:10:03 AM - 2 added successfully. 8 duplicates.

Sunday 14th of October 2018 03:45:05 PM - 7 added successfully. 3 duplicates.

Sunday 14th of October 2018 03:50:01 PM - 0 added successfully. 10 duplicates.

Sunday 14th of October 2018 03:55:02 PM - 0 added successfully. 10 duplicates.

Sunday 14th of October 2018 04:00:02 PM - 0 added successfully. 10 duplicates.

Sunday 14th of October 2018 04:05:01 PM - 0 added successfully. 10 duplicates.

Sunday 14th of October 2018 04:10:01 PM - 0 added successfully. 10 duplicates.

Sunday 14th of October 2018 04:15:01 PM - 0 added successfully. 10 duplicates.

Sunday 14th of October 2018 04:20:00 PM - 0 added successfully. 10 duplicates.

Sunday 14th of October 2018 04:25:02 PM - 0 added successfully. 10 duplicates.

Sunday 14th of October 2018 04:30:01 PM - 0 added successfully. 10 duplicates.

Sunday 14th of October 2018 04:35:01 PM - 0 added successfully. 10 duplicates.

Sunday 14th of October 2018 04:40:01 PM - 0 added successfully. 10 duplicates.

Sunday 14th of October 2018 04:45:04 PM - 0 added successfully. 10 duplicates.

Sunday 14th of October 2018 04:50:00 PM - 0 added successfully. 10 duplicates.

Sunday 14th of October 2018 06:55:01 PM - 0 added successfully. 10 duplicates.

Monday 15th of October 2018 10:40:01 AM - 2 added successfully. 8 duplicates.

Monday 15th of October 2018 10:45:01 AM - 0 added successfully. 10 duplicates.

Monday 15th of October 2018 10:50:00 AM - 0 added successfully. 10 duplicates.

Monday 15th of October 2018 10:55:00 AM - 0 added successfully. 10 duplicates.

Monday 15th of October 2018 11:00:00 AM - 0 added successfully. 10 duplicates.

Monday 15th of October 2018 11:05:01 AM - 0 added successfully. 10 duplicates.

Monday 15th of October 2018 11:10:00 AM - 0 added successfully. 10 duplicates.

Monday 15th of October 2018 11:15:01 AM - 0 added successfully. 10 duplicates.

Monday 15th of October 2018 11:20:01 AM - 0 added successfully. 10 duplicates.

Monday 15th of October 2018 11:25:00 AM - 0 added successfully. 10 duplicates.

Monday 15th of October 2018 11:30:01 AM - 0 added successfully. 10 duplicates.

Monday 15th of October 2018 11:35:01 AM - 0 added successfully. 10 duplicates.

Monday 15th of October 2018 11:40:01 AM - 0 added successfully. 10 duplicates.

Monday 15th of October 2018 11:45:00 AM - 0 added successfully. 10 duplicates.

Monday 15th of October 2018 11:50:01 AM - 0 added successfully. 10 duplicates.

Monday 15th of October 2018 11:55:00 AM - 0 added successfully. 10 duplicates.

Monday 15th of October 2018 12:00:01 PM - 0 added successfully. 10 duplicates.

Monday 15th of October 2018 12:05:01 PM - 0 added successfully. 10 duplicates.

Monday 15th of October 2018 12:10:00 PM - 0 added successfully. 10 duplicates.

Monday 15th of October 2018 12:15:00 PM - 0 added successfully. 10 duplicates.

Monday 15th of October 2018 12:20:01 PM - 0 added successfully. 10 duplicates.

Monday 15th of October 2018 12:25:01 PM - 0 added successfully. 10 duplicates.

Monday 15th of October 2018 12:30:02 PM - 0 added successfully. 10 duplicates.

Monday 15th of October 2018 12:35:01 PM - 0 added successfully. 10 duplicates.

Monday 15th of October 2018 12:40:01 PM - 0 added successfully. 10 duplicates.

Monday 15th of October 2018 12:45:01 PM - 0 added successfully. 10 duplicates.

Monday 15th of October 2018 12:50:01 PM - 0 added successfully. 10 duplicates.

Monday 15th of October 2018 12:55:01 PM - 0 added successfully. 10 duplicates.

Monday 15th of October 2018 01:00:01 PM - 0 added successfully. 10 duplicates.

Monday 15th of October 2018 01:05:01 PM - 0 added successfully. 10 duplicates.

Monday 15th of October 2018 01:10:01 PM - 0 added successfully. 10 duplicates.

Monday 15th of October 2018 01:15:01 PM - 0 added successfully. 10 duplicates.

Monday 15th of October 2018 01:20:01 PM - 0 added successfully. 10 duplicates.

Monday 15th of October 2018 01:25:01 PM - 0 added successfully. 10 duplicates.

Monday 15th of October 2018 01:30:01 PM - 0 added successfully. 10 duplicates.

Monday 15th of October 2018 01:35:00 PM - 0 added successfully. 10 duplicates.

Monday 15th of October 2018 01:40:01 PM - 0 added successfully. 10 duplicates.

Monday 15th of October 2018 01:45:01 PM - 0 added successfully. 10 duplicates.

Monday 15th of October 2018 01:50:01 PM - 1 added successfully. 9 duplicates.

Monday 15th of October 2018 01:55:00 PM - 0 added successfully. 10 duplicates.

Monday 15th of October 2018 02:00:00 PM - 0 added successfully. 10 duplicates.

Monday 15th of October 2018 02:05:00 PM - 0 added successfully. 10 duplicates.

Monday 15th of October 2018 02:10:02 PM - 0 added successfully. 10 duplicates.

Monday 15th of October 2018 02:15:01 PM - 0 added successfully. 10 duplicates.

Monday 15th of October 2018 02:20:00 PM - 0 added successfully. 10 duplicates.

Monday 15th of October 2018 02:25:00 PM - 1 added successfully. 9 duplicates.

Monday 15th of October 2018 02:30:00 PM - 1 added successfully. 9 duplicates.

Monday 15th of October 2018 02:35:01 PM - 0 added successfully. 10 duplicates.

Monday 15th of October 2018 02:40:00 PM - 0 added successfully. 10 duplicates.

Monday 15th of October 2018 02:45:00 PM - 0 added successfully. 10 duplicates.

Monday 15th of October 2018 02:50:00 PM - 0 added successfully. 10 duplicates.

Monday 15th of October 2018 02:55:00 PM - 0 added successfully. 10 duplicates.

Monday 15th of October 2018 03:00:00 PM - 0 added successfully. 10 duplicates.

Monday 15th of October 2018 03:05:01 PM - 0 added successfully. 10 duplicates.

Monday 15th of October 2018 03:10:01 PM - 0 added successfully. 10 duplicates.

Monday 15th of October 2018 03:15:01 PM - 0 added successfully. 10 duplicates.

Monday 15th of October 2018 03:20:00 PM - 0 added successfully. 10 duplicates.

Monday 15th of October 2018 03:25:01 PM - 0 added successfully. 10 duplicates.

Monday 15th of October 2018 03:30:01 PM - 0 added successfully. 10 duplicates.

Monday 15th of October 2018 03:35:01 PM - 0 added successfully. 10 duplicates.

Monday 15th of October 2018 03:40:01 PM - 0 added successfully. 10 duplicates.

Monday 15th of October 2018 03:45:00 PM - 0 added successfully. 10 duplicates.

Monday 15th of October 2018 03:50:01 PM - 0 added successfully. 10 duplicates.

Monday 15th of October 2018 03:55:01 PM - 2 added successfully. 8 duplicates.

Monday 15th of October 2018 04:00:01 PM - 0 added successfully. 10 duplicates.

Monday 15th of October 2018 04:05:01 PM - 0 added successfully. 10 duplicates.

Monday 15th of October 2018 04:10:01 PM - 1 added successfully. 9 duplicates.

Monday 15th of October 2018 04:15:01 PM - 0 added successfully. 10 duplicates.

Monday 15th of October 2018 04:20:01 PM - 0 added successfully. 10 duplicates.

Monday 15th of October 2018 04:25:01 PM - 0 added successfully. 10 duplicates.

Monday 15th of October 2018 04:30:01 PM - 0 added successfully. 10 duplicates.

Monday 15th of October 2018 04:35:00 PM - 0 added successfully. 10 duplicates.

Monday 15th of October 2018 04:40:01 PM - 0 added successfully. 10 duplicates.

Monday 15th of October 2018 04:45:00 PM - 0 added successfully. 10 duplicates.

Monday 15th of October 2018 04:50:01 PM - 0 added successfully. 10 duplicates.

Monday 15th of October 2018 04:55:01 PM - 0 added successfully. 10 duplicates.

Monday 15th of October 2018 05:00:00 PM - 0 added successfully. 10 duplicates.

Monday 15th of October 2018 05:05:00 PM - 0 added successfully. 10 duplicates.

Monday 15th of October 2018 05:10:01 PM - 0 added successfully. 10 duplicates.

Monday 15th of October 2018 05:15:01 PM - 0 added successfully. 10 duplicates.

Warning: simplexml_load_file(): php_network_getaddresses: getaddrinfo failed: nodename nor servname provided, or not known in /Users/bwille/Sites/RSL/private/cron/feed.cron.php on line 3

Warning: simplexml_load_file(https://www.rsl.com/rss.xml): failed to open stream: php_network_getaddresses: getaddrinfo failed: nodename nor servname provided, or not known in /Users/bwille/Sites/RSL/private/cron/feed.cron.php on line 3

Warning: simplexml_load_file(): I/O warning : failed to load external entity "https://www.rsl.com/rss.xml" in /Users/bwille/Sites/RSL/private/cron/feed.cron.php on line 3

Monday 15th of October 2018 05:20:14 PM - 0 added successfully. 10 duplicates.

Warning: simplexml_load_file(): php_network_getaddresses: getaddrinfo failed: nodename nor servname provided, or not known in /Users/bwille/Sites/RSL/private/cron/feed.cron.php on line 3

Warning: simplexml_load_file(https://www.rsl.com/rss.xml): failed to open stream: php_network_getaddresses: getaddrinfo failed: nodename nor servname provided, or not known in /Users/bwille/Sites/RSL/private/cron/feed.cron.php on line 3

Warning: simplexml_load_file(): I/O warning : failed to load external entity "https://www.rsl.com/rss.xml" in /Users/bwille/Sites/RSL/private/cron/feed.cron.php on line 3

Monday 15th of October 2018 07:54:00 PM - 0 added successfully. 10 duplicates.

Tuesday 16th of October 2018 10:15:02 AM - 1 added successfully. 9 duplicates.

Tuesday 16th of October 2018 10:20:01 AM - 0 added successfully. 10 duplicates.

Tuesday 16th of October 2018 10:25:02 AM - 0 added successfully. 10 duplicates.

Tuesday 16th of October 2018 10:30:00 AM - 0 added successfully. 10 duplicates.

Tuesday 16th of October 2018 10:35:00 AM - 0 added successfully. 10 duplicates.

Tuesday 16th of October 2018 10:40:01 AM - 0 added successfully. 10 duplicates.

Tuesday 16th of October 2018 10:45:04 AM - 0 added successfully. 10 duplicates.

Tuesday 16th of October 2018 10:50:01 AM - 0 added successfully. 10 duplicates.

Tuesday 16th of October 2018 10:55:01 AM - 0 added successfully. 10 duplicates.

Tuesday 16th of October 2018 11:00:01 AM - 0 added successfully. 10 duplicates.

Tuesday 16th of October 2018 11:05:01 AM - 0 added successfully. 10 duplicates.

Tuesday 16th of October 2018 11:10:01 AM - 0 added successfully. 10 duplicates.

Tuesday 16th of October 2018 11:15:02 AM - 0 added successfully. 10 duplicates.

Tuesday 16th of October 2018 11:20:01 AM - 0 added successfully. 10 duplicates.

Tuesday 16th of October 2018 11:25:02 AM - 0 added successfully. 10 duplicates.

Tuesday 16th of October 2018 11:30:01 AM - 0 added successfully. 10 duplicates.

Tuesday 16th of October 2018 11:35:01 AM - 0 added successfully. 10 duplicates.

Tuesday 16th of October 2018 11:40:01 AM - 1 added successfully. 9 duplicates.

Tuesday 16th of October 2018 11:45:01 AM - 0 added successfully. 10 duplicates.

Tuesday 16th of October 2018 11:50:01 AM - 0 added successfully. 10 duplicates.

Tuesday 16th of October 2018 11:55:01 AM - 0 added successfully. 10 duplicates.

Tuesday 16th of October 2018 12:00:01 PM - 0 added successfully. 10 duplicates.

Tuesday 16th of October 2018 12:05:01 PM - 0 added successfully. 10 duplicates.

Tuesday 16th of October 2018 12:10:02 PM - 0 added successfully. 10 duplicates.

Tuesday 16th of October 2018 12:15:01 PM - 0 added successfully. 10 duplicates.

Tuesday 16th of October 2018 12:20:01 PM - 0 added successfully. 10 duplicates.

Tuesday 16th of October 2018 12:25:00 PM - 0 added successfully. 10 duplicates.

Tuesday 16th of October 2018 12:30:02 PM - 0 added successfully. 10 duplicates.

Tuesday 16th of October 2018 12:35:01 PM - 0 added successfully. 10 duplicates.

Tuesday 16th of October 2018 12:40:01 PM - 0 added successfully. 10 duplicates.

Tuesday 16th of October 2018 12:45:00 PM - 0 added successfully. 10 duplicates.

Tuesday 16th of October 2018 12:50:01 PM - 0 added successfully. 10 duplicates.

Tuesday 16th of October 2018 12:55:01 PM - 0 added successfully. 10 duplicates.

Tuesday 16th of October 2018 01:00:01 PM - 0 added successfully. 10 duplicates.

Tuesday 16th of October 2018 01:05:02 PM - 0 added successfully. 10 duplicates.

Tuesday 16th of October 2018 01:10:01 PM - 0 added successfully. 10 duplicates.

Tuesday 16th of October 2018 01:15:00 PM - 0 added successfully. 10 duplicates.

Tuesday 16th of October 2018 01:20:00 PM - 0 added successfully. 10 duplicates.

Tuesday 16th of October 2018 01:25:00 PM - 0 added successfully. 10 duplicates.

Tuesday 16th of October 2018 01:30:02 PM - 0 added successfully. 10 duplicates.

Tuesday 16th of October 2018 01:35:06 PM - 0 added successfully. 10 duplicates.

Tuesday 16th of October 2018 01:40:01 PM - 0 added successfully. 10 duplicates.

Tuesday 16th of October 2018 01:45:00 PM - 0 added successfully. 10 duplicates.

Tuesday 16th of October 2018 01:50:00 PM - 0 added successfully. 10 duplicates.

Tuesday 16th of October 2018 01:55:01 PM - 0 added successfully. 10 duplicates.

Tuesday 16th of October 2018 07:35:01 PM - 6 added successfully. 4 duplicates.

Tuesday 16th of October 2018 07:40:01 PM - 0 added successfully. 10 duplicates.

Tuesday 16th of October 2018 07:45:01 PM - 0 added successfully. 10 duplicates.

Tuesday 16th of October 2018 07:50:01 PM - 0 added successfully. 10 duplicates.

Wednesday 17th of October 2018 09:40:02 AM - 1 added successfully. 9 duplicates.

Wednesday 17th of October 2018 09:45:00 AM - 0 added successfully. 10 duplicates.

Wednesday 17th of October 2018 09:50:00 AM - 0 added successfully. 10 duplicates.

Wednesday 17th of October 2018 09:55:01 AM - 0 added successfully. 10 duplicates.

Wednesday 17th of October 2018 10:00:02 AM - 0 added successfully. 10 duplicates.

Wednesday 17th of October 2018 10:05:01 AM - 0 added successfully. 10 duplicates.

Wednesday 17th of October 2018 10:10:00 AM - 0 added successfully. 10 duplicates.

Wednesday 17th of October 2018 10:15:01 AM - 0 added successfully. 10 duplicates.

Wednesday 17th of October 2018 10:20:01 AM - 0 added successfully. 10 duplicates.

Wednesday 17th of October 2018 10:25:02 AM - 0 added successfully. 10 duplicates.

Wednesday 17th of October 2018 10:30:00 AM - 0 added successfully. 10 duplicates.

Wednesday 17th of October 2018 10:35:01 AM - 1 added successfully. 9 duplicates.

Wednesday 17th of October 2018 10:40:01 AM - 0 added successfully. 10 duplicates.

Wednesday 17th of October 2018 10:45:01 AM - 0 added successfully. 10 duplicates.

Wednesday 17th of October 2018 10:50:01 AM - 0 added successfully. 10 duplicates.

Wednesday 17th of October 2018 10:55:00 AM - 0 added successfully. 10 duplicates.

Wednesday 17th of October 2018 11:00:01 AM - 0 added successfully. 10 duplicates.

Wednesday 17th of October 2018 11:05:00 AM - 0 added successfully. 10 duplicates.

Wednesday 17th of October 2018 11:10:00 AM - 0 added successfully. 10 duplicates.

Wednesday 17th of October 2018 11:15:01 AM - 0 added successfully. 10 duplicates.

Wednesday 17th of October 2018 11:20:02 AM - 0 added successfully. 10 duplicates.

Wednesday 17th of October 2018 11:25:00 AM - 0 added successfully. 10 duplicates.

Wednesday 17th of October 2018 11:30:00 AM - 0 added successfully. 10 duplicates.

Wednesday 17th of October 2018 11:35:01 AM - 0 added successfully. 10 duplicates.

Wednesday 17th of October 2018 11:40:01 AM - 1 added successfully. 9 duplicates.

Wednesday 17th of October 2018 11:45:01 AM - 0 added successfully. 10 duplicates.

Wednesday 17th of October 2018 11:50:01 AM - 0 added successfully. 10 duplicates.

Wednesday 17th of October 2018 11:55:01 AM - 0 added successfully. 10 duplicates.

Wednesday 17th of October 2018 12:00:01 PM - 0 added successfully. 10 duplicates.

Wednesday 17th of October 2018 12:05:01 PM - 0 added successfully. 10 duplicates.

Wednesday 17th of October 2018 12:10:01 PM - 0 added successfully. 10 duplicates.

Wednesday 17th of October 2018 12:15:01 PM - 0 added successfully. 10 duplicates.

Wednesday 17th of October 2018 12:20:01 PM - 0 added successfully. 10 duplicates.

Wednesday 17th of October 2018 12:25:01 PM - 0 added successfully. 10 duplicates.

Wednesday 17th of October 2018 12:30:01 PM - 0 added successfully. 10 duplicates.

Wednesday 17th of October 2018 12:35:00 PM - 0 added successfully. 10 duplicates.

Wednesday 17th of October 2018 12:40:00 PM - 0 added successfully. 10 duplicates.

Wednesday 17th of October 2018 12:45:01 PM - 0 added successfully. 10 duplicates.

Wednesday 17th of October 2018 12:50:01 PM - 0 added successfully. 10 duplicates.

Wednesday 17th of October 2018 12:55:01 PM - 0 added successfully. 10 duplicates.

Wednesday 17th of October 2018 01:00:00 PM - 0 added successfully. 10 duplicates.

Wednesday 17th of October 2018 01:05:00 PM - 0 added successfully. 10 duplicates.

Wednesday 17th of October 2018 01:10:01 PM - 0 added successfully. 10 duplicates.

Wednesday 17th of October 2018 01:15:00 PM - 0 added successfully. 10 duplicates.

Wednesday 17th of October 2018 01:20:00 PM - 0 added successfully. 10 duplicates.

Wednesday 17th of October 2018 01:25:01 PM - 0 added successfully. 10 duplicates.

Wednesday 17th of October 2018 01:30:02 PM - 0 added successfully. 10 duplicates.

Wednesday 17th of October 2018 01:35:00 PM - 0 added successfully. 10 duplicates.

Wednesday 17th of October 2018 01:40:00 PM - 0 added successfully. 10 duplicates.

Wednesday 17th of October 2018 01:45:00 PM - 0 added successfully. 10 duplicates.

Wednesday 17th of October 2018 01:50:00 PM - 0 added successfully. 10 duplicates.

Wednesday 17th of October 2018 01:55:00 PM - 0 added successfully. 10 duplicates.

Wednesday 17th of October 2018 02:00:01 PM - 0 added successfully. 10 duplicates.

Wednesday 17th of October 2018 02:05:00 PM - 0 added successfully. 10 duplicates.

Wednesday 17th of October 2018 02:10:00 PM - 0 added successfully. 10 duplicates.

Wednesday 17th of October 2018 02:15:00 PM - 0 added successfully. 10 duplicates.

Wednesday 17th of October 2018 02:20:00 PM - 0 added successfully. 10 duplicates.

Wednesday 17th of October 2018 02:25:00 PM - 0 added successfully. 10 duplicates.

Wednesday 17th of October 2018 02:30:01 PM - 0 added successfully. 10 duplicates.

Wednesday 17th of October 2018 02:35:01 PM - 0 added successfully. 10 duplicates.

Wednesday 17th of October 2018 02:40:01 PM - 0 added successfully. 10 duplicates.

Wednesday 17th of October 2018 02:45:01 PM - 0 added successfully. 10 duplicates.

Wednesday 17th of October 2018 02:50:01 PM - 0 added successfully. 10 duplicates.

Wednesday 17th of October 2018 02:55:01 PM - 0 added successfully. 10 duplicates.

Wednesday 17th of October 2018 03:00:00 PM - 0 added successfully. 10 duplicates.

Wednesday 17th of October 2018 03:05:00 PM - 0 added successfully. 10 duplicates.

Wednesday 17th of October 2018 03:10:00 PM - 0 added successfully. 10 duplicates.

Wednesday 17th of October 2018 03:15:01 PM - 0 added successfully. 10 duplicates.

Wednesday 17th of October 2018 03:20:01 PM - 0 added successfully. 10 duplicates.

Wednesday 17th of October 2018 03:25:01 PM - 0 added successfully. 10 duplicates.

Wednesday 17th of October 2018 03:30:01 PM - 0 added successfully. 10 duplicates.

Wednesday 17th of October 2018 03:35:01 PM - 0 added successfully. 10 duplicates.

Wednesday 17th of October 2018 03:40:01 PM - 0 added successfully. 10 duplicates.

Wednesday 17th of October 2018 03:45:01 PM - 0 added successfully. 10 duplicates.

Wednesday 17th of October 2018 03:50:01 PM - 0 added successfully. 10 duplicates.

Wednesday 17th of October 2018 03:55:01 PM - 0 added successfully. 10 duplicates.

Wednesday 17th of October 2018 04:00:01 PM - 0 added successfully. 10 duplicates.

Wednesday 17th of October 2018 04:05:01 PM - 0 added successfully. 10 duplicates.

Wednesday 17th of October 2018 04:10:02 PM - 2 added successfully. 8 duplicates.

Wednesday 17th of October 2018 04:15:01 PM - 0 added successfully. 10 duplicates.

Wednesday 17th of October 2018 04:20:00 PM - 0 added successfully. 10 duplicates.

Wednesday 17th of October 2018 04:25:00 PM - 0 added successfully. 10 duplicates.

Wednesday 17th of October 2018 04:30:01 PM - 0 added successfully. 10 duplicates.

Wednesday 17th of October 2018 04:35:01 PM - 0 added successfully. 10 duplicates.

Wednesday 17th of October 2018 04:40:00 PM - 0 added successfully. 10 duplicates.

Wednesday 17th of October 2018 04:45:01 PM - 0 added successfully. 10 duplicates.

Wednesday 17th of October 2018 04:50:00 PM - 0 added successfully. 10 duplicates.

Wednesday 17th of October 2018 04:55:00 PM - 0 added successfully. 10 duplicates.

Wednesday 17th of October 2018 05:00:00 PM - 0 added successfully. 10 duplicates.

Wednesday 17th of October 2018 05:05:02 PM - 0 added successfully. 10 duplicates.

Wednesday 17th of October 2018 05:10:00 PM - 0 added successfully. 10 duplicates.

Wednesday 17th of October 2018 05:15:01 PM - 1 added successfully. 9 duplicates.

Wednesday 17th of October 2018 05:20:01 PM - 0 added successfully. 10 duplicates.

Wednesday 17th of October 2018 05:25:00 PM - 0 added successfully. 10 duplicates.

Wednesday 17th of October 2018 05:30:00 PM - 0 added successfully. 10 duplicates.

Wednesday 17th of October 2018 05:35:00 PM - 0 added successfully. 10 duplicates.

Wednesday 17th of October 2018 05:40:01 PM - 0 added successfully. 10 duplicates.

Warning: simplexml_load_file(): php_network_getaddresses: getaddrinfo failed: nodename nor servname provided, or not known in /Users/bwille/Sites/RSL/private/cron/feed.cron.php on line 3

Warning: simplexml_load_file(https://www.rsl.com/rss.xml): failed to open stream: php_network_getaddresses: getaddrinfo failed: nodename nor servname provided, or not known in /Users/bwille/Sites/RSL/private/cron/feed.cron.php on line 3

Warning: simplexml_load_file(): I/O warning : failed to load external entity "https://www.rsl.com/rss.xml" in /Users/bwille/Sites/RSL/private/cron/feed.cron.php on line 3

Wednesday 17th of October 2018 05:45:00 PM - 0 added successfully. 10 duplicates.

Wednesday 17th of October 2018 10:45:01 PM - 0 added successfully. 10 duplicates.

Wednesday 17th of October 2018 10:50:00 PM - 0 added successfully. 10 duplicates.

Wednesday 17th of October 2018 10:55:02 PM - 0 added successfully. 10 duplicates.

Warning: simplexml_load_file(): php_network_getaddresses: getaddrinfo failed: nodename nor servname provided, or not known in /Users/bwille/Sites/RSL/private/cron/feed.cron.php on line 3

Warning: simplexml_load_file(https://www.rsl.com/rss.xml): failed to open stream: php_network_getaddresses: getaddrinfo failed: nodename nor servname provided, or not known in /Users/bwille/Sites/RSL/private/cron/feed.cron.php on line 3

Warning: simplexml_load_file(): I/O warning : failed to load external entity "https://www.rsl.com/rss.xml" in /Users/bwille/Sites/RSL/private/cron/feed.cron.php on line 3

Thursday 18th of October 2018 09:31:33 AM - 0 added successfully. 10 duplicates.

Thursday 18th of October 2018 09:38:40 AM - 1 added successfully. 9 duplicates.

Thursday 18th of October 2018 09:40:00 AM - 0 added successfully. 10 duplicates.

Thursday 18th of October 2018 09:45:01 AM - 0 added successfully. 10 duplicates.

Thursday 18th of October 2018 09:50:00 AM - 0 added successfully. 10 duplicates.

Thursday 18th of October 2018 09:55:00 AM - 0 added successfully. 10 duplicates.

Thursday 18th of October 2018 10:00:01 AM - 0 added successfully. 10 duplicates.

Thursday 18th of October 2018 10:05:02 AM - 0 added successfully. 10 duplicates.

Thursday 18th of October 2018 10:10:00 AM - 0 added successfully. 10 duplicates.

Thursday 18th of October 2018 10:15:00 AM - 0 added successfully. 10 duplicates.

Thursday 18th of October 2018 10:20:00 AM - 0 added successfully. 10 duplicates.

Thursday 18th of October 2018 10:25:01 AM - 0 added successfully. 10 duplicates.

Thursday 18th of October 2018 10:30:01 AM - 0 added successfully. 10 duplicates.

Thursday 18th of October 2018 10:35:01 AM - 0 added successfully. 10 duplicates.

Thursday 18th of October 2018 10:40:01 AM - 0 added successfully. 10 duplicates.

Thursday 18th of October 2018 10:57:11 AM - 0 added successfully. 10 duplicates.

Thursday 18th of October 2018 11:03:42 AM - 0 added successfully. 10 duplicates.

Thursday 18th of October 2018 11:10:03 AM - 0 added successfully. 10 duplicates.

Thursday 18th of October 2018 11:15:00 AM - 0 added successfully. 10 duplicates.

Thursday 18th of October 2018 11:20:01 AM - 0 added successfully. 10 duplicates.

Thursday 18th of October 2018 11:25:00 AM - 0 added successfully. 10 duplicates.

Thursday 18th of October 2018 11:30:00 AM - 0 added successfully. 10 duplicates.

Thursday 18th of October 2018 11:35:01 AM - 0 added successfully. 10 duplicates.

Thursday 18th of October 2018 11:40:00 AM - 0 added successfully. 10 duplicates.

Thursday 18th of October 2018 11:45:01 AM - 0 added successfully. 10 duplicates.

Thursday 18th of October 2018 11:50:01 AM - 0 added successfully. 10 duplicates.

Thursday 18th of October 2018 11:55:01 AM - 0 added successfully. 10 duplicates.

Thursday 18th of October 2018 12:00:00 PM - 0 added successfully. 10 duplicates.

Thursday 18th of October 2018 12:05:01 PM - 0 added successfully. 10 duplicates.

Thursday 18th of October 2018 12:10:01 PM - 0 added successfully. 10 duplicates.

Thursday 18th of October 2018 12:15:01 PM - 1 added successfully. 9 duplicates.

Thursday 18th of October 2018 12:20:00 PM - 0 added successfully. 10 duplicates.

Thursday 18th of October 2018 12:25:01 PM - 0 added successfully. 10 duplicates.

Thursday 18th of October 2018 12:30:01 PM - 0 added successfully. 10 duplicates.

Thursday 18th of October 2018 12:35:01 PM - 0 added successfully. 10 duplicates.

Thursday 18th of October 2018 12:40:01 PM - 1 added successfully. 9 duplicates.

Thursday 18th of October 2018 12:45:01 PM - 0 added successfully. 10 duplicates.

Thursday 18th of October 2018 12:50:01 PM - 0 added successfully. 10 duplicates.

Thursday 18th of October 2018 12:55:01 PM - 0 added successfully. 10 duplicates.

Thursday 18th of October 2018 01:00:02 PM - 0 added successfully. 10 duplicates.

Thursday 18th of October 2018 01:05:00 PM - 0 added successfully. 10 duplicates.

Thursday 18th of October 2018 01:10:00 PM - 0 added successfully. 10 duplicates.

Thursday 18th of October 2018 01:15:00 PM - 0 added successfully. 10 duplicates.

Thursday 18th of October 2018 01:20:00 PM - 0 added successfully. 10 duplicates.

Thursday 18th of October 2018 01:25:00 PM - 0 added successfully. 10 duplicates.

Thursday 18th of October 2018 01:30:00 PM - 0 added successfully. 10 duplicates.

Thursday 18th of October 2018 01:35:00 PM - 0 added successfully. 10 duplicates.

Thursday 18th of October 2018 01:40:00 PM - 0 added successfully. 10 duplicates.

Thursday 18th of October 2018 02:15:01 PM - 0 added successfully. 10 duplicates.

Thursday 18th of October 2018 02:20:01 PM - 0 added successfully. 10 duplicates.

Thursday 18th of October 2018 02:25:01 PM - 0 added successfully. 10 duplicates.

Thursday 18th of October 2018 02:30:01 PM - 0 added successfully. 10 duplicates.

Thursday 18th of October 2018 02:35:01 PM - 0 added successfully. 10 duplicates.

Thursday 18th of October 2018 02:40:01 PM - 0 added successfully. 10 duplicates.

Thursday 18th of October 2018 02:45:01 PM - 0 added successfully. 10 duplicates.

Thursday 18th of October 2018 02:50:01 PM - 0 added successfully. 10 duplicates.

Thursday 18th of October 2018 02:55:01 PM - 0 added successfully. 10 duplicates.

Thursday 18th of October 2018 03:00:01 PM - 0 added successfully. 10 duplicates.

Thursday 18th of October 2018 03:05:01 PM - 0 added successfully. 10 duplicates.

Thursday 18th of October 2018 03:10:01 PM - 0 added successfully. 10 duplicates.

Thursday 18th of October 2018 03:15:01 PM - 0 added successfully. 10 duplicates.

Thursday 18th of October 2018 03:20:00 PM - 0 added successfully. 10 duplicates.

Thursday 18th of October 2018 03:25:00 PM - 0 added successfully. 10 duplicates.

Thursday 18th of October 2018 03:30:01 PM - 0 added successfully. 10 duplicates.

Thursday 18th of October 2018 03:35:01 PM - 0 added successfully. 10 duplicates.

Thursday 18th of October 2018 03:40:01 PM - 0 added successfully. 10 duplicates.

Thursday 18th of October 2018 03:45:01 PM - 0 added successfully. 10 duplicates.

Thursday 18th of October 2018 03:50:00 PM - 0 added successfully. 10 duplicates.

Thursday 18th of October 2018 03:55:01 PM - 0 added successfully. 10 duplicates.

Thursday 18th of October 2018 04:00:01 PM - 0 added successfully. 10 duplicates.

Thursday 18th of October 2018 04:05:00 PM - 0 added successfully. 10 duplicates.

Thursday 18th of October 2018 04:10:00 PM - 0 added successfully. 10 duplicates.

Thursday 18th of October 2018 04:15:01 PM - 0 added successfully. 10 duplicates.

Thursday 18th of October 2018 04:20:01 PM - 0 added successfully. 10 duplicates.

Thursday 18th of October 2018 04:25:00 PM - 1 added successfully. 9 duplicates.
